2026-05-05 09:20:06 +00:00: ValidationError: Custom keyGenerator appears to use request IP without calling the ipKeyGenerator helper function for IPv6 addresses. This could allow IPv6 users to bypass limits. See https://express-rate-limit.github.io/ERR_ERL_KEY_GEN_IPV6/ for more information.
2026-05-05 09:20:06 +00:00:     at Object.keyGeneratorIpFallback (/home/deploy/projects/nero6/node_modules/.pnpm/express-rate-limit@8.3.2_express@5.2.1/node_modules/express-rate-limit/dist/index.mjs:613:13)
2026-05-05 09:20:06 +00:00:     at Object.wrappedValidations.<computed> (/home/deploy/projects/nero6/node_modules/.pnpm/express-rate-limit@8.3.2_express@5.2.1/node_modules/express-rate-limit/dist/index.mjs:656:22)
2026-05-05 09:20:06 +00:00:     at parseOptions (/home/deploy/projects/nero6/node_modules/.pnpm/express-rate-limit@8.3.2_express@5.2.1/node_modules/express-rate-limit/dist/index.mjs:726:16)
2026-05-05 09:20:06 +00:00:     at rateLimit (/home/deploy/projects/nero6/node_modules/.pnpm/express-rate-limit@8.3.2_express@5.2.1/node_modules/express-rate-limit/dist/index.mjs:807:18)
2026-05-05 09:20:06 +00:00:     at <anonymous> (/home/deploy/projects/nero6/artifacts/api-server/src/middlewares/rateLimit.ts:18:31)
2026-05-05 09:20:06 +00:00:     at ModuleJob.run (node:internal/modules/esm/module_job:437:25)
2026-05-05 09:20:06 +00:00:     at process.processTicksAndRejections (node:internal/process/task_queues:104:5)
2026-05-05 09:20:06 +00:00:     at async node:internal/modules/esm/loader:639:26 {
2026-05-05 09:20:06 +00:00:   code: 'ERR_ERL_KEY_GEN_IPV6',
2026-05-05 09:20:06 +00:00:   help: 'https://express-rate-limit.github.io/ERR_ERL_KEY_GEN_IPV6/'
2026-05-05 09:20:06 +00:00: }
2026-05-05 09:20:06 +00:00: ValidationError: Custom keyGenerator appears to use request IP without calling the ipKeyGenerator helper function for IPv6 addresses. This could allow IPv6 users to bypass limits. See https://express-rate-limit.github.io/ERR_ERL_KEY_GEN_IPV6/ for more information.
2026-05-05 09:20:06 +00:00:     at Object.keyGeneratorIpFallback (/home/deploy/projects/nero6/node_modules/.pnpm/express-rate-limit@8.3.2_express@5.2.1/node_modules/express-rate-limit/dist/index.mjs:613:13)
2026-05-05 09:20:06 +00:00:     at Object.wrappedValidations.<computed> (/home/deploy/projects/nero6/node_modules/.pnpm/express-rate-limit@8.3.2_express@5.2.1/node_modules/express-rate-limit/dist/index.mjs:656:22)
2026-05-05 09:20:06 +00:00:     at parseOptions (/home/deploy/projects/nero6/node_modules/.pnpm/express-rate-limit@8.3.2_express@5.2.1/node_modules/express-rate-limit/dist/index.mjs:726:16)
2026-05-05 09:20:06 +00:00:     at rateLimit (/home/deploy/projects/nero6/node_modules/.pnpm/express-rate-limit@8.3.2_express@5.2.1/node_modules/express-rate-limit/dist/index.mjs:807:18)
2026-05-05 09:20:06 +00:00:     at <anonymous> (/home/deploy/projects/nero6/artifacts/api-server/src/middlewares/rateLimit.ts:28:32)
2026-05-05 09:20:06 +00:00:     at ModuleJob.run (node:internal/modules/esm/module_job:437:25)
2026-05-05 09:20:06 +00:00:     at process.processTicksAndRejections (node:internal/process/task_queues:104:5)
2026-05-05 09:20:06 +00:00:     at async node:internal/modules/esm/loader:639:26 {
2026-05-05 09:20:06 +00:00:   code: 'ERR_ERL_KEY_GEN_IPV6',
2026-05-05 09:20:06 +00:00:   help: 'https://express-rate-limit.github.io/ERR_ERL_KEY_GEN_IPV6/'
2026-05-05 09:20:06 +00:00: }
2026-05-05 09:20:06 +00:00: ValidationError: Custom keyGenerator appears to use request IP without calling the ipKeyGenerator helper function for IPv6 addresses. This could allow IPv6 users to bypass limits. See https://express-rate-limit.github.io/ERR_ERL_KEY_GEN_IPV6/ for more information.
2026-05-05 09:20:06 +00:00:     at Object.keyGeneratorIpFallback (/home/deploy/projects/nero6/node_modules/.pnpm/express-rate-limit@8.3.2_express@5.2.1/node_modules/express-rate-limit/dist/index.mjs:613:13)
2026-05-05 09:20:06 +00:00:     at Object.wrappedValidations.<computed> (/home/deploy/projects/nero6/node_modules/.pnpm/express-rate-limit@8.3.2_express@5.2.1/node_modules/express-rate-limit/dist/index.mjs:656:22)
2026-05-05 09:20:06 +00:00:     at parseOptions (/home/deploy/projects/nero6/node_modules/.pnpm/express-rate-limit@8.3.2_express@5.2.1/node_modules/express-rate-limit/dist/index.mjs:726:16)
2026-05-05 09:20:06 +00:00:     at rateLimit (/home/deploy/projects/nero6/node_modules/.pnpm/express-rate-limit@8.3.2_express@5.2.1/node_modules/express-rate-limit/dist/index.mjs:807:18)
2026-05-05 09:20:06 +00:00:     at <anonymous> (/home/deploy/projects/nero6/artifacts/api-server/src/middlewares/rateLimit.ts:38:28)
2026-05-05 09:20:06 +00:00:     at ModuleJob.run (node:internal/modules/esm/module_job:437:25)
2026-05-05 09:20:06 +00:00:     at process.processTicksAndRejections (node:internal/process/task_queues:104:5)
2026-05-05 09:20:06 +00:00:     at async node:internal/modules/esm/loader:639:26 {
2026-05-05 09:20:06 +00:00:   code: 'ERR_ERL_KEY_GEN_IPV6',
2026-05-05 09:20:06 +00:00:   help: 'https://express-rate-limit.github.io/ERR_ERL_KEY_GEN_IPV6/'
2026-05-05 09:20:06 +00:00: }
2026-05-05 10:03:06 +00:00: ValidationError: Custom keyGenerator appears to use request IP without calling the ipKeyGenerator helper function for IPv6 addresses. This could allow IPv6 users to bypass limits. See https://express-rate-limit.github.io/ERR_ERL_KEY_GEN_IPV6/ for more information.
2026-05-05 10:03:06 +00:00:     at Object.keyGeneratorIpFallback (/home/deploy/projects/nero6/node_modules/.pnpm/express-rate-limit@8.3.2_express@5.2.1/node_modules/express-rate-limit/dist/index.mjs:613:13)
2026-05-05 10:03:06 +00:00:     at Object.wrappedValidations.<computed> (/home/deploy/projects/nero6/node_modules/.pnpm/express-rate-limit@8.3.2_express@5.2.1/node_modules/express-rate-limit/dist/index.mjs:656:22)
2026-05-05 10:03:06 +00:00:     at parseOptions (/home/deploy/projects/nero6/node_modules/.pnpm/express-rate-limit@8.3.2_express@5.2.1/node_modules/express-rate-limit/dist/index.mjs:726:16)
2026-05-05 10:03:06 +00:00:     at rateLimit (/home/deploy/projects/nero6/node_modules/.pnpm/express-rate-limit@8.3.2_express@5.2.1/node_modules/express-rate-limit/dist/index.mjs:807:18)
2026-05-05 10:03:06 +00:00:     at <anonymous> (/home/deploy/projects/nero6/artifacts/api-server/src/middlewares/rateLimit.ts:18:31)
2026-05-05 10:03:06 +00:00:     at ModuleJob.run (node:internal/modules/esm/module_job:437:25)
2026-05-05 10:03:06 +00:00:     at process.processTicksAndRejections (node:internal/process/task_queues:104:5)
2026-05-05 10:03:06 +00:00:     at async node:internal/modules/esm/loader:639:26 {
2026-05-05 10:03:06 +00:00:   code: 'ERR_ERL_KEY_GEN_IPV6',
2026-05-05 10:03:06 +00:00:   help: 'https://express-rate-limit.github.io/ERR_ERL_KEY_GEN_IPV6/'
2026-05-05 10:03:06 +00:00: }
2026-05-05 10:03:06 +00:00: ValidationError: Custom keyGenerator appears to use request IP without calling the ipKeyGenerator helper function for IPv6 addresses. This could allow IPv6 users to bypass limits. See https://express-rate-limit.github.io/ERR_ERL_KEY_GEN_IPV6/ for more information.
2026-05-05 10:03:06 +00:00:     at Object.keyGeneratorIpFallback (/home/deploy/projects/nero6/node_modules/.pnpm/express-rate-limit@8.3.2_express@5.2.1/node_modules/express-rate-limit/dist/index.mjs:613:13)
2026-05-05 10:03:06 +00:00:     at Object.wrappedValidations.<computed> (/home/deploy/projects/nero6/node_modules/.pnpm/express-rate-limit@8.3.2_express@5.2.1/node_modules/express-rate-limit/dist/index.mjs:656:22)
2026-05-05 10:03:06 +00:00:     at parseOptions (/home/deploy/projects/nero6/node_modules/.pnpm/express-rate-limit@8.3.2_express@5.2.1/node_modules/express-rate-limit/dist/index.mjs:726:16)
2026-05-05 10:03:06 +00:00:     at rateLimit (/home/deploy/projects/nero6/node_modules/.pnpm/express-rate-limit@8.3.2_express@5.2.1/node_modules/express-rate-limit/dist/index.mjs:807:18)
2026-05-05 10:03:06 +00:00:     at <anonymous> (/home/deploy/projects/nero6/artifacts/api-server/src/middlewares/rateLimit.ts:28:32)
2026-05-05 10:03:06 +00:00:     at ModuleJob.run (node:internal/modules/esm/module_job:437:25)
2026-05-05 10:03:06 +00:00:     at process.processTicksAndRejections (node:internal/process/task_queues:104:5)
2026-05-05 10:03:06 +00:00:     at async node:internal/modules/esm/loader:639:26 {
2026-05-05 10:03:06 +00:00:   code: 'ERR_ERL_KEY_GEN_IPV6',
2026-05-05 10:03:06 +00:00:   help: 'https://express-rate-limit.github.io/ERR_ERL_KEY_GEN_IPV6/'
2026-05-05 10:03:06 +00:00: }
2026-05-05 10:03:06 +00:00: ValidationError: Custom keyGenerator appears to use request IP without calling the ipKeyGenerator helper function for IPv6 addresses. This could allow IPv6 users to bypass limits. See https://express-rate-limit.github.io/ERR_ERL_KEY_GEN_IPV6/ for more information.
2026-05-05 10:03:06 +00:00:     at Object.keyGeneratorIpFallback (/home/deploy/projects/nero6/node_modules/.pnpm/express-rate-limit@8.3.2_express@5.2.1/node_modules/express-rate-limit/dist/index.mjs:613:13)
2026-05-05 10:03:06 +00:00:     at Object.wrappedValidations.<computed> (/home/deploy/projects/nero6/node_modules/.pnpm/express-rate-limit@8.3.2_express@5.2.1/node_modules/express-rate-limit/dist/index.mjs:656:22)
2026-05-05 10:03:06 +00:00:     at parseOptions (/home/deploy/projects/nero6/node_modules/.pnpm/express-rate-limit@8.3.2_express@5.2.1/node_modules/express-rate-limit/dist/index.mjs:726:16)
2026-05-05 10:03:06 +00:00:     at rateLimit (/home/deploy/projects/nero6/node_modules/.pnpm/express-rate-limit@8.3.2_express@5.2.1/node_modules/express-rate-limit/dist/index.mjs:807:18)
2026-05-05 10:03:06 +00:00:     at <anonymous> (/home/deploy/projects/nero6/artifacts/api-server/src/middlewares/rateLimit.ts:38:28)
2026-05-05 10:03:06 +00:00:     at ModuleJob.run (node:internal/modules/esm/module_job:437:25)
2026-05-05 10:03:06 +00:00:     at process.processTicksAndRejections (node:internal/process/task_queues:104:5)
2026-05-05 10:03:06 +00:00:     at async node:internal/modules/esm/loader:639:26 {
2026-05-05 10:03:06 +00:00:   code: 'ERR_ERL_KEY_GEN_IPV6',
2026-05-05 10:03:06 +00:00:   help: 'https://express-rate-limit.github.io/ERR_ERL_KEY_GEN_IPV6/'
2026-05-05 10:03:06 +00:00: }
2026-05-05 15:26:22 +00:00: ValidationError: Custom keyGenerator appears to use request IP without calling the ipKeyGenerator helper function for IPv6 addresses. This could allow IPv6 users to bypass limits. See https://express-rate-limit.github.io/ERR_ERL_KEY_GEN_IPV6/ for more information.
2026-05-05 15:26:22 +00:00:     at Object.keyGeneratorIpFallback (/home/deploy/projects/nero6/node_modules/.pnpm/express-rate-limit@8.3.2_express@5.2.1/node_modules/express-rate-limit/dist/index.mjs:613:13)
2026-05-05 15:26:22 +00:00:     at Object.wrappedValidations.<computed> (/home/deploy/projects/nero6/node_modules/.pnpm/express-rate-limit@8.3.2_express@5.2.1/node_modules/express-rate-limit/dist/index.mjs:656:22)
2026-05-05 15:26:22 +00:00:     at parseOptions (/home/deploy/projects/nero6/node_modules/.pnpm/express-rate-limit@8.3.2_express@5.2.1/node_modules/express-rate-limit/dist/index.mjs:726:16)
2026-05-05 15:26:22 +00:00:     at rateLimit (/home/deploy/projects/nero6/node_modules/.pnpm/express-rate-limit@8.3.2_express@5.2.1/node_modules/express-rate-limit/dist/index.mjs:807:18)
2026-05-05 15:26:22 +00:00:     at <anonymous> (/home/deploy/projects/nero6/artifacts/api-server/src/middlewares/rateLimit.ts:18:31)
2026-05-05 15:26:22 +00:00:     at ModuleJob.run (node:internal/modules/esm/module_job:437:25)
2026-05-05 15:26:22 +00:00:     at process.processTicksAndRejections (node:internal/process/task_queues:104:5)
2026-05-05 15:26:22 +00:00:     at async node:internal/modules/esm/loader:639:26 {
2026-05-05 15:26:22 +00:00:   code: 'ERR_ERL_KEY_GEN_IPV6',
2026-05-05 15:26:22 +00:00:   help: 'https://express-rate-limit.github.io/ERR_ERL_KEY_GEN_IPV6/'
2026-05-05 15:26:22 +00:00: }
2026-05-05 15:26:22 +00:00: ValidationError: Custom keyGenerator appears to use request IP without calling the ipKeyGenerator helper function for IPv6 addresses. This could allow IPv6 users to bypass limits. See https://express-rate-limit.github.io/ERR_ERL_KEY_GEN_IPV6/ for more information.
2026-05-05 15:26:22 +00:00:     at Object.keyGeneratorIpFallback (/home/deploy/projects/nero6/node_modules/.pnpm/express-rate-limit@8.3.2_express@5.2.1/node_modules/express-rate-limit/dist/index.mjs:613:13)
2026-05-05 15:26:22 +00:00:     at Object.wrappedValidations.<computed> (/home/deploy/projects/nero6/node_modules/.pnpm/express-rate-limit@8.3.2_express@5.2.1/node_modules/express-rate-limit/dist/index.mjs:656:22)
2026-05-05 15:26:22 +00:00:     at parseOptions (/home/deploy/projects/nero6/node_modules/.pnpm/express-rate-limit@8.3.2_express@5.2.1/node_modules/express-rate-limit/dist/index.mjs:726:16)
2026-05-05 15:26:22 +00:00:     at rateLimit (/home/deploy/projects/nero6/node_modules/.pnpm/express-rate-limit@8.3.2_express@5.2.1/node_modules/express-rate-limit/dist/index.mjs:807:18)
2026-05-05 15:26:22 +00:00:     at <anonymous> (/home/deploy/projects/nero6/artifacts/api-server/src/middlewares/rateLimit.ts:28:32)
2026-05-05 15:26:22 +00:00:     at ModuleJob.run (node:internal/modules/esm/module_job:437:25)
2026-05-05 15:26:22 +00:00:     at process.processTicksAndRejections (node:internal/process/task_queues:104:5)
2026-05-05 15:26:22 +00:00:     at async node:internal/modules/esm/loader:639:26 {
2026-05-05 15:26:22 +00:00:   code: 'ERR_ERL_KEY_GEN_IPV6',
2026-05-05 15:26:22 +00:00:   help: 'https://express-rate-limit.github.io/ERR_ERL_KEY_GEN_IPV6/'
2026-05-05 15:26:22 +00:00: }
2026-05-05 15:26:22 +00:00: ValidationError: Custom keyGenerator appears to use request IP without calling the ipKeyGenerator helper function for IPv6 addresses. This could allow IPv6 users to bypass limits. See https://express-rate-limit.github.io/ERR_ERL_KEY_GEN_IPV6/ for more information.
2026-05-05 15:26:22 +00:00:     at Object.keyGeneratorIpFallback (/home/deploy/projects/nero6/node_modules/.pnpm/express-rate-limit@8.3.2_express@5.2.1/node_modules/express-rate-limit/dist/index.mjs:613:13)
2026-05-05 15:26:22 +00:00:     at Object.wrappedValidations.<computed> (/home/deploy/projects/nero6/node_modules/.pnpm/express-rate-limit@8.3.2_express@5.2.1/node_modules/express-rate-limit/dist/index.mjs:656:22)
2026-05-05 15:26:22 +00:00:     at parseOptions (/home/deploy/projects/nero6/node_modules/.pnpm/express-rate-limit@8.3.2_express@5.2.1/node_modules/express-rate-limit/dist/index.mjs:726:16)
2026-05-05 15:26:22 +00:00:     at rateLimit (/home/deploy/projects/nero6/node_modules/.pnpm/express-rate-limit@8.3.2_express@5.2.1/node_modules/express-rate-limit/dist/index.mjs:807:18)
2026-05-05 15:26:22 +00:00:     at <anonymous> (/home/deploy/projects/nero6/artifacts/api-server/src/middlewares/rateLimit.ts:38:28)
2026-05-05 15:26:22 +00:00:     at ModuleJob.run (node:internal/modules/esm/module_job:437:25)
2026-05-05 15:26:22 +00:00:     at process.processTicksAndRejections (node:internal/process/task_queues:104:5)
2026-05-05 15:26:22 +00:00:     at async node:internal/modules/esm/loader:639:26 {
2026-05-05 15:26:22 +00:00:   code: 'ERR_ERL_KEY_GEN_IPV6',
2026-05-05 15:26:22 +00:00:   help: 'https://express-rate-limit.github.io/ERR_ERL_KEY_GEN_IPV6/'
2026-05-05 15:26:22 +00:00: }
2026-05-05 16:50:03 +00:00: ValidationError: Custom keyGenerator appears to use request IP without calling the ipKeyGenerator helper function for IPv6 addresses. This could allow IPv6 users to bypass limits. See https://express-rate-limit.github.io/ERR_ERL_KEY_GEN_IPV6/ for more information.
2026-05-05 16:50:03 +00:00:     at Object.keyGeneratorIpFallback (/home/deploy/projects/nero6/node_modules/.pnpm/express-rate-limit@8.3.2_express@5.2.1/node_modules/express-rate-limit/dist/index.mjs:613:13)
2026-05-05 16:50:03 +00:00:     at Object.wrappedValidations.<computed> (/home/deploy/projects/nero6/node_modules/.pnpm/express-rate-limit@8.3.2_express@5.2.1/node_modules/express-rate-limit/dist/index.mjs:656:22)
2026-05-05 16:50:03 +00:00:     at parseOptions (/home/deploy/projects/nero6/node_modules/.pnpm/express-rate-limit@8.3.2_express@5.2.1/node_modules/express-rate-limit/dist/index.mjs:726:16)
2026-05-05 16:50:03 +00:00:     at rateLimit (/home/deploy/projects/nero6/node_modules/.pnpm/express-rate-limit@8.3.2_express@5.2.1/node_modules/express-rate-limit/dist/index.mjs:807:18)
2026-05-05 16:50:03 +00:00:     at <anonymous> (/home/deploy/projects/nero6/artifacts/api-server/src/middlewares/rateLimit.ts:18:31)
2026-05-05 16:50:03 +00:00:     at ModuleJob.run (node:internal/modules/esm/module_job:437:25)
2026-05-05 16:50:03 +00:00:     at process.processTicksAndRejections (node:internal/process/task_queues:104:5)
2026-05-05 16:50:03 +00:00:     at async node:internal/modules/esm/loader:639:26 {
2026-05-05 16:50:03 +00:00:   code: 'ERR_ERL_KEY_GEN_IPV6',
2026-05-05 16:50:03 +00:00:   help: 'https://express-rate-limit.github.io/ERR_ERL_KEY_GEN_IPV6/'
2026-05-05 16:50:03 +00:00: }
2026-05-05 16:50:03 +00:00: ValidationError: Custom keyGenerator appears to use request IP without calling the ipKeyGenerator helper function for IPv6 addresses. This could allow IPv6 users to bypass limits. See https://express-rate-limit.github.io/ERR_ERL_KEY_GEN_IPV6/ for more information.
2026-05-05 16:50:03 +00:00:     at Object.keyGeneratorIpFallback (/home/deploy/projects/nero6/node_modules/.pnpm/express-rate-limit@8.3.2_express@5.2.1/node_modules/express-rate-limit/dist/index.mjs:613:13)
2026-05-05 16:50:03 +00:00:     at Object.wrappedValidations.<computed> (/home/deploy/projects/nero6/node_modules/.pnpm/express-rate-limit@8.3.2_express@5.2.1/node_modules/express-rate-limit/dist/index.mjs:656:22)
2026-05-05 16:50:03 +00:00:     at parseOptions (/home/deploy/projects/nero6/node_modules/.pnpm/express-rate-limit@8.3.2_express@5.2.1/node_modules/express-rate-limit/dist/index.mjs:726:16)
2026-05-05 16:50:03 +00:00:     at rateLimit (/home/deploy/projects/nero6/node_modules/.pnpm/express-rate-limit@8.3.2_express@5.2.1/node_modules/express-rate-limit/dist/index.mjs:807:18)
2026-05-05 16:50:03 +00:00:     at <anonymous> (/home/deploy/projects/nero6/artifacts/api-server/src/middlewares/rateLimit.ts:28:32)
2026-05-05 16:50:03 +00:00:     at ModuleJob.run (node:internal/modules/esm/module_job:437:25)
2026-05-05 16:50:03 +00:00:     at process.processTicksAndRejections (node:internal/process/task_queues:104:5)
2026-05-05 16:50:03 +00:00:     at async node:internal/modules/esm/loader:639:26 {
2026-05-05 16:50:03 +00:00:   code: 'ERR_ERL_KEY_GEN_IPV6',
2026-05-05 16:50:03 +00:00:   help: 'https://express-rate-limit.github.io/ERR_ERL_KEY_GEN_IPV6/'
2026-05-05 16:50:03 +00:00: }
2026-05-05 16:50:03 +00:00: ValidationError: Custom keyGenerator appears to use request IP without calling the ipKeyGenerator helper function for IPv6 addresses. This could allow IPv6 users to bypass limits. See https://express-rate-limit.github.io/ERR_ERL_KEY_GEN_IPV6/ for more information.
2026-05-05 16:50:03 +00:00:     at Object.keyGeneratorIpFallback (/home/deploy/projects/nero6/node_modules/.pnpm/express-rate-limit@8.3.2_express@5.2.1/node_modules/express-rate-limit/dist/index.mjs:613:13)
2026-05-05 16:50:03 +00:00:     at Object.wrappedValidations.<computed> (/home/deploy/projects/nero6/node_modules/.pnpm/express-rate-limit@8.3.2_express@5.2.1/node_modules/express-rate-limit/dist/index.mjs:656:22)
2026-05-05 16:50:03 +00:00:     at parseOptions (/home/deploy/projects/nero6/node_modules/.pnpm/express-rate-limit@8.3.2_express@5.2.1/node_modules/express-rate-limit/dist/index.mjs:726:16)
2026-05-05 16:50:03 +00:00:     at rateLimit (/home/deploy/projects/nero6/node_modules/.pnpm/express-rate-limit@8.3.2_express@5.2.1/node_modules/express-rate-limit/dist/index.mjs:807:18)
2026-05-05 16:50:03 +00:00:     at <anonymous> (/home/deploy/projects/nero6/artifacts/api-server/src/middlewares/rateLimit.ts:38:28)
2026-05-05 16:50:03 +00:00:     at ModuleJob.run (node:internal/modules/esm/module_job:437:25)
2026-05-05 16:50:03 +00:00:     at process.processTicksAndRejections (node:internal/process/task_queues:104:5)
2026-05-05 16:50:03 +00:00:     at async node:internal/modules/esm/loader:639:26 {
2026-05-05 16:50:03 +00:00:   code: 'ERR_ERL_KEY_GEN_IPV6',
2026-05-05 16:50:03 +00:00:   help: 'https://express-rate-limit.github.io/ERR_ERL_KEY_GEN_IPV6/'
2026-05-05 16:50:03 +00:00: }
