2026-05-05 08:16:10 +00:00: {"level":30,"time":1777968970539,"pid":99126,"hostname":"nz-prod","req":{"id":29,"method":"GET","url":"/api/healthz"},"res":{"statusCode":200},"responseTime":2,"msg":"request completed"}
2026-05-05 08:16:11 +00:00: {"level":30,"time":1777968971136,"pid":99126,"hostname":"nz-prod","req":{"id":30,"method":"GET","url":"/api/healthz/full"},"res":{"statusCode":503},"err":{"type":"Error","message":"failed with status code 503","stack":"Error: failed with status code 503\n    at onResFinished (/home/deploy/projects/nero6/node_modules/.pnpm/pino-http@10.5.0/node_modules/pino-http/logger.js:115:39)\n    at ServerResponse.onResponseComplete (/home/deploy/projects/nero6/node_modules/.pnpm/pino-http@10.5.0/node_modules/pino-http/logger.js:178:14)\n    at ServerResponse.emit (node:events:521:24)\n    at onFinish (node:_http_outgoing:1026:10)\n    at callback (node:internal/streams/writable:764:21)\n    at afterWrite (node:internal/streams/writable:708:5)\n    at afterWriteTick (node:internal/streams/writable:694:10)\n    at process.processTicksAndRejections (node:internal/process/task_queues:89:21)"},"responseTime":174,"msg":"request errored"}
2026-05-05 08:17:07 +00:00: {"level":30,"time":1777969027350,"pid":99126,"hostname":"nz-prod","req":{"id":32,"method":"GET","url":"/api/auth/me"},"res":{"statusCode":401},"responseTime":2,"msg":"request completed"}
2026-05-05 08:17:07 +00:00: {"level":30,"time":1777969027387,"pid":99126,"hostname":"nz-prod","req":{"id":33,"method":"GET","url":"/api/pricing/plans"},"res":{"statusCode":200},"responseTime":0,"msg":"request completed"}
2026-05-05 08:17:07 +00:00: {"level":30,"time":1777969027390,"pid":99126,"hostname":"nz-prod","req":{"id":31,"method":"GET","url":"/api/public/settings"},"res":{"statusCode":200},"responseTime":46,"msg":"request completed"}
2026-05-05 08:17:40 +00:00: {"level":30,"time":1777969060363,"pid":99126,"hostname":"nz-prod","req":{"id":34,"method":"POST","url":"/api/auth/login"},"res":{"statusCode":200},"responseTime":158,"msg":"request completed"}
2026-05-05 08:17:40 +00:00: {"level":30,"time":1777969060513,"pid":99126,"hostname":"nz-prod","req":{"id":35,"method":"GET","url":"/api/auth/me"},"res":{"statusCode":200},"responseTime":98,"msg":"request completed"}
2026-05-05 08:17:40 +00:00: {"level":30,"time":1777969060671,"pid":99126,"hostname":"nz-prod","req":{"id":38,"method":"GET","url":"/api/stats/subjects"},"res":{"statusCode":200},"responseTime":100,"msg":"request completed"}
2026-05-05 08:17:40 +00:00: {"level":30,"time":1777969060675,"pid":99126,"hostname":"nz-prod","req":{"id":37,"method":"GET","url":"/api/auth/me"},"res":{"statusCode":304},"responseTime":106,"msg":"request completed"}
2026-05-05 08:17:40 +00:00: {"level":30,"time":1777969060676,"pid":99126,"hostname":"nz-prod","req":{"id":36,"method":"GET","url":"/api/stats/dashboard"},"res":{"statusCode":200},"responseTime":108,"msg":"request completed"}
2026-05-05 08:17:50 +00:00: {"level":30,"time":1777969070329,"pid":99126,"hostname":"nz-prod","req":{"id":39,"method":"POST","url":"/api/auth/logout"},"res":{"statusCode":200},"responseTime":46,"msg":"request completed"}
2026-05-05 08:17:50 +00:00: {"level":30,"time":1777969070415,"pid":99126,"hostname":"nz-prod","req":{"id":41,"method":"GET","url":"/api/auth/me"},"res":{"statusCode":401},"responseTime":0,"msg":"request completed"}
2026-05-05 08:17:50 +00:00: {"level":30,"time":1777969070416,"pid":99126,"hostname":"nz-prod","req":{"id":42,"method":"GET","url":"/api/pricing/plans"},"res":{"statusCode":304},"responseTime":0,"msg":"request completed"}
2026-05-05 08:17:50 +00:00: {"level":30,"time":1777969070428,"pid":99126,"hostname":"nz-prod","req":{"id":40,"method":"GET","url":"/api/public/settings"},"res":{"statusCode":304},"responseTime":14,"msg":"request completed"}
2026-05-05 08:17:54 +00:00: {"level":30,"time":1777969074422,"pid":99126,"hostname":"nz-prod","req":{"id":43,"method":"GET","url":"/api/public/settings"},"res":{"statusCode":304},"responseTime":1,"msg":"request completed"}
2026-05-05 08:18:20 +00:00: {"level":30,"time":1777969100493,"pid":99126,"hostname":"nz-prod","req":{"id":44,"method":"POST","url":"/api/auth/register"},"res":{"statusCode":201},"responseTime":190,"msg":"request completed"}
2026-05-05 08:18:20 +00:00: {"level":30,"time":1777969100699,"pid":99126,"hostname":"nz-prod","req":{"id":46,"method":"GET","url":"/api/stats/subjects"},"res":{"statusCode":200},"responseTime":102,"msg":"request completed"}
2026-05-05 08:18:20 +00:00: {"level":30,"time":1777969100730,"pid":99126,"hostname":"nz-prod","req":{"id":47,"method":"GET","url":"/api/stats/dashboard"},"res":{"statusCode":200},"responseTime":132,"msg":"request completed"}
2026-05-05 08:18:20 +00:00: {"level":30,"time":1777969100739,"pid":99126,"hostname":"nz-prod","req":{"id":45,"method":"GET","url":"/api/auth/me"},"res":{"statusCode":200},"responseTime":143,"msg":"request completed"}
2026-05-05 08:18:31 +00:00: {"level":30,"time":1777969111475,"pid":99126,"hostname":"nz-prod","req":{"id":48,"method":"POST","url":"/api/auth/login"},"res":{"statusCode":200},"responseTime":99,"msg":"request completed"}
2026-05-05 08:18:31 +00:00: {"level":30,"time":1777969111572,"pid":99126,"hostname":"nz-prod","req":{"id":49,"method":"GET","url":"/api/auth/me"},"res":{"statusCode":304},"responseTime":47,"msg":"request completed"}
2026-05-05 08:18:31 +00:00: {"level":30,"time":1777969111678,"pid":99126,"hostname":"nz-prod","req":{"id":50,"method":"GET","url":"/api/auth/me"},"res":{"statusCode":304},"responseTime":54,"msg":"request completed"}
2026-05-05 08:18:31 +00:00: {"level":30,"time":1777969111681,"pid":99126,"hostname":"nz-prod","req":{"id":51,"method":"GET","url":"/api/stats/subjects"},"res":{"statusCode":304},"responseTime":55,"msg":"request completed"}
2026-05-05 08:18:31 +00:00: {"level":30,"time":1777969111696,"pid":99126,"hostname":"nz-prod","req":{"id":52,"method":"GET","url":"/api/stats/dashboard"},"res":{"statusCode":304},"responseTime":69,"msg":"request completed"}
2026-05-05 08:19:24 +00:00: {"level":30,"time":1777969164919,"pid":99126,"hostname":"nz-prod","req":{"id":53,"method":"POST","url":"/api/auth/verify-email"},"res":{"statusCode":200},"responseTime":157,"msg":"request completed"}
2026-05-05 08:19:30 +00:00: {"level":30,"time":1777969170806,"pid":99126,"hostname":"nz-prod","req":{"id":54,"method":"GET","url":"/api/auth/me"},"res":{"statusCode":200},"responseTime":165,"msg":"request completed"}
2026-05-05 08:19:30 +00:00: {"level":30,"time":1777969170841,"pid":99126,"hostname":"nz-prod","req":{"id":56,"method":"GET","url":"/api/stats/subjects"},"res":{"statusCode":304},"responseTime":46,"msg":"request completed"}
2026-05-05 08:19:30 +00:00: {"level":30,"time":1777969170846,"pid":99126,"hostname":"nz-prod","req":{"id":55,"method":"GET","url":"/api/stats/dashboard"},"res":{"statusCode":304},"responseTime":125,"msg":"request completed"}
2026-05-05 08:20:43 +00:00: {"level":30,"time":1777969243456,"pid":99126,"hostname":"nz-prod","req":{"id":57,"method":"GET","url":"/api/auth/me"},"res":{"statusCode":304},"responseTime":148,"msg":"request completed"}
2026-05-05 08:20:43 +00:00: {"level":30,"time":1777969243598,"pid":99126,"hostname":"nz-prod","req":{"id":59,"method":"GET","url":"/api/stats/dashboard"},"res":{"statusCode":304},"responseTime":86,"msg":"request completed"}
2026-05-05 08:20:43 +00:00: {"level":30,"time":1777969243622,"pid":99126,"hostname":"nz-prod","req":{"id":60,"method":"GET","url":"/api/stats/subjects"},"res":{"statusCode":304},"responseTime":109,"msg":"request completed"}
2026-05-05 08:20:43 +00:00: {"level":30,"time":1777969243638,"pid":99126,"hostname":"nz-prod","req":{"id":58,"method":"GET","url":"/api/auth/me"},"res":{"statusCode":304},"responseTime":128,"msg":"request completed"}
2026-05-05 08:20:46 +00:00: {"level":30,"time":1777969246835,"pid":99126,"hostname":"nz-prod","req":{"id":61,"method":"GET","url":"/api/auth/me"},"res":{"statusCode":304},"responseTime":49,"msg":"request completed"}
2026-05-05 08:20:46 +00:00: {"level":30,"time":1777969246927,"pid":99126,"hostname":"nz-prod","req":{"id":64,"method":"GET","url":"/api/stats/subjects"},"res":{"statusCode":304},"responseTime":29,"msg":"request completed"}
2026-05-05 08:20:46 +00:00: {"level":30,"time":1777969246938,"pid":99126,"hostname":"nz-prod","req":{"id":63,"method":"GET","url":"/api/stats/dashboard"},"res":{"statusCode":304},"responseTime":41,"msg":"request completed"}
2026-05-05 08:20:46 +00:00: {"level":30,"time":1777969246941,"pid":99126,"hostname":"nz-prod","req":{"id":62,"method":"GET","url":"/api/auth/me"},"res":{"statusCode":304},"responseTime":45,"msg":"request completed"}
2026-05-05 08:21:11 +00:00: {"level":30,"time":1777969271159,"pid":99126,"hostname":"nz-prod","req":{"id":65,"method":"GET","url":"/api/auth/me"},"res":{"statusCode":304},"responseTime":125,"msg":"request completed"}
2026-05-05 08:21:26 +00:00: {"level":30,"time":1777969286615,"pid":99126,"hostname":"nz-prod","req":{"id":66,"method":"POST","url":"/api/tasks/estimate"},"res":{"statusCode":200},"responseTime":83,"msg":"request completed"}
2026-05-05 08:22:00 +00:00: {"level":30,"time":1777969320573,"pid":99126,"hostname":"nz-prod","req":{"id":67,"method":"POST","url":"/api/tasks"},"res":{"statusCode":201},"responseTime":161,"msg":"request completed"}
2026-05-05 08:22:00 +00:00: {"level":30,"time":1777969320661,"pid":99126,"hostname":"nz-prod","req":{"id":69,"method":"GET","url":"/api/tasks/66"},"res":{"statusCode":200},"responseTime":29,"msg":"request completed"}
2026-05-05 08:22:00 +00:00: {"level":30,"time":1777969320786,"pid":99126,"hostname":"nz-prod","req":{"id":68,"method":"GET","url":"/api/auth/me"},"res":{"statusCode":200},"responseTime":156,"msg":"request completed"}
2026-05-05 08:22:03 +00:00: {"level":30,"time":1777969323734,"pid":99126,"hostname":"nz-prod","req":{"id":70,"method":"GET","url":"/api/tasks/66"},"res":{"statusCode":304},"responseTime":28,"msg":"request completed"}
2026-05-05 08:22:06 +00:00: {"level":30,"time":1777969326820,"pid":99126,"hostname":"nz-prod","req":{"id":71,"method":"GET","url":"/api/tasks/66"},"res":{"statusCode":304},"responseTime":31,"msg":"request completed"}
2026-05-05 08:22:09 +00:00: {"level":30,"time":1777969329903,"pid":99126,"hostname":"nz-prod","req":{"id":72,"method":"GET","url":"/api/tasks/66"},"res":{"statusCode":200},"responseTime":28,"msg":"request completed"}
2026-05-05 08:23:46 +00:00: {"level":30,"time":1777969426287,"pid":99126,"hostname":"nz-prod","req":{"id":74,"method":"GET","url":"/api/tasks/66"},"res":{"statusCode":304},"responseTime":67,"msg":"request completed"}
2026-05-05 08:23:46 +00:00: {"level":30,"time":1777969426310,"pid":99126,"hostname":"nz-prod","req":{"id":73,"method":"GET","url":"/api/auth/me"},"res":{"statusCode":304},"responseTime":165,"msg":"request completed"}
2026-05-05 08:23:53 +00:00: {"level":30,"time":1777969433117,"pid":99126,"hostname":"nz-prod","req":{"id":75,"method":"GET","url":"/api/auth/me"},"res":{"statusCode":304},"responseTime":161,"msg":"request completed"}
2026-05-05 08:24:13 +00:00: {"level":30,"time":1777969453836,"pid":99126,"hostname":"nz-prod","req":{"id":77,"method":"GET","url":"/api/tasks/66"},"res":{"statusCode":304},"responseTime":110,"msg":"request completed"}
2026-05-05 08:24:13 +00:00: {"level":30,"time":1777969453861,"pid":99126,"hostname":"nz-prod","req":{"id":76,"method":"GET","url":"/api/auth/me"},"res":{"statusCode":304},"responseTime":138,"msg":"request completed"}
2026-05-05 08:24:18 +00:00: {"level":30,"time":1777969458569,"pid":99126,"hostname":"nz-prod","req":{"id":78,"method":"POST","url":"/api/tasks/66/check-originality"},"res":{"statusCode":200},"responseTime":3342,"msg":"request completed"}
2026-05-05 08:25:52 +00:00: {"level":30,"time":1777969552574,"pid":99126,"hostname":"nz-prod","req":{"id":79,"method":"POST","url":"/api/tasks/generate-image"},"res":{"statusCode":200},"responseTime":18463,"msg":"request completed"}
2026-05-05 08:25:52 +00:00: {"level":30,"time":1777969552762,"pid":99126,"hostname":"nz-prod","req":{"id":80,"method":"GET","url":"/api/auth/me"},"res":{"statusCode":200},"responseTime":148,"msg":"request completed"}
2026-05-05 08:28:30 +00:00: {"level":30,"time":1777969710052,"pid":99126,"hostname":"nz-prod","req":{"id":82,"method":"GET","url":"/api/tasks/66"},"res":{"statusCode":304},"responseTime":130,"msg":"request completed"}
2026-05-05 08:28:30 +00:00: {"level":30,"time":1777969710090,"pid":99126,"hostname":"nz-prod","req":{"id":81,"method":"GET","url":"/api/auth/me"},"res":{"statusCode":304},"responseTime":242,"msg":"request completed"}
2026-05-05 08:28:31 +00:00: {"level":30,"time":1777969711391,"pid":99126,"hostname":"nz-prod","req":{"id":83,"method":"GET","url":"/api/auth/me"},"res":{"statusCode":304},"responseTime":86,"msg":"request completed"}
2026-05-05 08:28:31 +00:00: {"level":30,"time":1777969711407,"pid":99126,"hostname":"nz-prod","req":{"id":84,"method":"GET","url":"/api/stats/dashboard"},"res":{"statusCode":200},"responseTime":100,"msg":"request completed"}
2026-05-05 08:28:31 +00:00: {"level":30,"time":1777969711407,"pid":99126,"hostname":"nz-prod","req":{"id":85,"method":"GET","url":"/api/stats/subjects"},"res":{"statusCode":200},"responseTime":28,"msg":"request completed"}
2026-05-05 08:28:33 +00:00: {"level":30,"time":1777969713246,"pid":99126,"hostname":"nz-prod","req":{"id":86,"method":"GET","url":"/api/auth/me"},"res":{"statusCode":304},"responseTime":43,"msg":"request completed"}
2026-05-05 08:28:45 +00:00: {"level":30,"time":1777969725860,"pid":99126,"hostname":"nz-prod","req":{"id":87,"method":"POST","url":"/api/tasks/estimate"},"res":{"statusCode":200},"responseTime":54,"msg":"request completed"}
2026-05-05 08:29:04 +00:00: {"level":30,"time":1777969744673,"pid":99126,"hostname":"nz-prod","req":{"id":88,"method":"POST","url":"/api/tasks"},"res":{"statusCode":201},"responseTime":277,"msg":"request completed"}
2026-05-05 08:29:04 +00:00: {"level":30,"time":1777969744812,"pid":99126,"hostname":"nz-prod","req":{"id":89,"method":"GET","url":"/api/auth/me"},"res":{"statusCode":200},"responseTime":89,"msg":"request completed"}
2026-05-05 08:29:04 +00:00: {"level":30,"time":1777969744858,"pid":99126,"hostname":"nz-prod","req":{"id":90,"method":"GET","url":"/api/tasks/67"},"res":{"statusCode":200},"responseTime":133,"msg":"request completed"}
2026-05-05 08:29:07 +00:00: {"level":30,"time":1777969747937,"pid":99126,"hostname":"nz-prod","req":{"id":91,"method":"GET","url":"/api/tasks/67"},"res":{"statusCode":304},"responseTime":33,"msg":"request completed"}
2026-05-05 08:29:11 +00:00: {"level":30,"time":1777969751017,"pid":99126,"hostname":"nz-prod","req":{"id":92,"method":"GET","url":"/api/tasks/67"},"res":{"statusCode":304},"responseTime":33,"msg":"request completed"}
2026-05-05 08:29:14 +00:00: {"level":30,"time":1777969754104,"pid":99126,"hostname":"nz-prod","req":{"id":93,"method":"GET","url":"/api/tasks/67"},"res":{"statusCode":304},"responseTime":33,"msg":"request completed"}
2026-05-05 08:29:17 +00:00: {"level":30,"time":1777969757186,"pid":99126,"hostname":"nz-prod","req":{"id":94,"method":"GET","url":"/api/tasks/67"},"res":{"statusCode":304},"responseTime":34,"msg":"request completed"}
2026-05-05 08:29:20 +00:00: {"level":30,"time":1777969760261,"pid":99126,"hostname":"nz-prod","req":{"id":95,"method":"GET","url":"/api/tasks/67"},"res":{"statusCode":304},"responseTime":33,"msg":"request completed"}
2026-05-05 08:29:23 +00:00: {"level":30,"time":1777969763338,"pid":99126,"hostname":"nz-prod","req":{"id":96,"method":"GET","url":"/api/tasks/67"},"res":{"statusCode":304},"responseTime":31,"msg":"request completed"}
2026-05-05 08:29:26 +00:00: {"level":30,"time":1777969766415,"pid":99126,"hostname":"nz-prod","req":{"id":97,"method":"GET","url":"/api/tasks/67"},"res":{"statusCode":304},"responseTime":32,"msg":"request completed"}
2026-05-05 08:29:29 +00:00: {"level":30,"time":1777969769500,"pid":99126,"hostname":"nz-prod","req":{"id":98,"method":"GET","url":"/api/tasks/67"},"res":{"statusCode":304},"responseTime":31,"msg":"request completed"}
2026-05-05 08:29:32 +00:00: {"level":30,"time":1777969772582,"pid":99126,"hostname":"nz-prod","req":{"id":99,"method":"GET","url":"/api/tasks/67"},"res":{"statusCode":304},"responseTime":30,"msg":"request completed"}
2026-05-05 08:29:35 +00:00: {"level":30,"time":1777969775656,"pid":99126,"hostname":"nz-prod","req":{"id":100,"method":"GET","url":"/api/tasks/67"},"res":{"statusCode":304},"responseTime":31,"msg":"request completed"}
2026-05-05 08:29:38 +00:00: {"level":30,"time":1777969778742,"pid":99126,"hostname":"nz-prod","req":{"id":101,"method":"GET","url":"/api/tasks/67"},"res":{"statusCode":304},"responseTime":31,"msg":"request completed"}
2026-05-05 08:29:41 +00:00: {"level":30,"time":1777969781825,"pid":99126,"hostname":"nz-prod","req":{"id":102,"method":"GET","url":"/api/tasks/67"},"res":{"statusCode":200},"responseTime":32,"msg":"request completed"}
2026-05-05 08:50:40 +00:00: {"level":30,"time":1777971040872,"pid":99126,"hostname":"nz-prod","req":{"id":103,"method":"GET","url":"/api/auth/me"},"res":{"statusCode":304},"responseTime":211,"msg":"request completed"}
2026-05-05 08:50:41 +00:00: {"level":30,"time":1777971041491,"pid":99126,"hostname":"nz-prod","req":{"id":104,"method":"GET","url":"/api/auth/me"},"res":{"statusCode":304},"responseTime":43,"msg":"request completed"}
2026-05-05 08:50:41 +00:00: {"level":30,"time":1777971041560,"pid":99126,"hostname":"nz-prod","req":{"id":105,"method":"GET","url":"/api/tasks/67"},"res":{"statusCode":304},"responseTime":32,"msg":"request completed"}
2026-05-05 08:50:43 +00:00: {"level":30,"time":1777971043408,"pid":99126,"hostname":"nz-prod","req":{"id":106,"method":"GET","url":"/api/auth/me"},"res":{"statusCode":304},"responseTime":48,"msg":"request completed"}
2026-05-05 08:50:54 +00:00: {"level":30,"time":1777971054059,"pid":99126,"hostname":"nz-prod","req":{"id":107,"method":"POST","url":"/api/tasks/estimate"},"res":{"statusCode":200},"responseTime":53,"msg":"request completed"}
2026-05-05 08:50:59 +00:00: {"level":30,"time":1777971059850,"pid":99126,"hostname":"nz-prod","req":{"id":108,"method":"POST","url":"/api/tasks"},"res":{"statusCode":201},"responseTime":138,"msg":"request completed"}
2026-05-05 08:50:59 +00:00: {"level":30,"time":1777971059944,"pid":99126,"hostname":"nz-prod","req":{"id":110,"method":"GET","url":"/api/auth/me"},"res":{"statusCode":200},"responseTime":42,"msg":"request completed"}
2026-05-05 08:51:00 +00:00: {"level":30,"time":1777971060113,"pid":99126,"hostname":"nz-prod","req":{"id":109,"method":"GET","url":"/api/tasks/68"},"res":{"statusCode":200},"responseTime":212,"msg":"request completed"}
2026-05-05 08:51:03 +00:00: {"level":30,"time":1777971063185,"pid":99126,"hostname":"nz-prod","req":{"id":111,"method":"GET","url":"/api/tasks/68"},"res":{"statusCode":304},"responseTime":30,"msg":"request completed"}
2026-05-05 08:51:06 +00:00: {"level":30,"time":1777971066263,"pid":99126,"hostname":"nz-prod","req":{"id":112,"method":"GET","url":"/api/tasks/68"},"res":{"statusCode":304},"responseTime":29,"msg":"request completed"}
2026-05-05 08:51:09 +00:00: {"level":30,"time":1777971069338,"pid":99126,"hostname":"nz-prod","req":{"id":113,"method":"GET","url":"/api/tasks/68"},"res":{"statusCode":304},"responseTime":29,"msg":"request completed"}
2026-05-05 08:51:12 +00:00: {"level":30,"time":1777971072426,"pid":99126,"hostname":"nz-prod","req":{"id":114,"method":"GET","url":"/api/tasks/68"},"res":{"statusCode":304},"responseTime":29,"msg":"request completed"}
2026-05-05 08:51:15 +00:00: {"level":30,"time":1777971075501,"pid":99126,"hostname":"nz-prod","req":{"id":115,"method":"GET","url":"/api/tasks/68"},"res":{"statusCode":304},"responseTime":28,"msg":"request completed"}
2026-05-05 08:51:18 +00:00: {"level":30,"time":1777971078583,"pid":99126,"hostname":"nz-prod","req":{"id":116,"method":"GET","url":"/api/tasks/68"},"res":{"statusCode":304},"responseTime":30,"msg":"request completed"}
2026-05-05 08:51:21 +00:00: {"level":30,"time":1777971081659,"pid":99126,"hostname":"nz-prod","req":{"id":117,"method":"GET","url":"/api/tasks/68"},"res":{"statusCode":304},"responseTime":30,"msg":"request completed"}
2026-05-05 08:51:24 +00:00: {"level":30,"time":1777971084734,"pid":99126,"hostname":"nz-prod","req":{"id":118,"method":"GET","url":"/api/tasks/68"},"res":{"statusCode":304},"responseTime":31,"msg":"request completed"}
2026-05-05 08:51:27 +00:00: {"level":30,"time":1777971087808,"pid":99126,"hostname":"nz-prod","req":{"id":119,"method":"GET","url":"/api/tasks/68"},"res":{"statusCode":304},"responseTime":28,"msg":"request completed"}
2026-05-05 08:51:30 +00:00: {"level":30,"time":1777971090882,"pid":99126,"hostname":"nz-prod","req":{"id":120,"method":"GET","url":"/api/tasks/68"},"res":{"statusCode":200},"responseTime":27,"msg":"request completed"}
2026-05-05 09:08:15 +00:00: {"level":30,"time":1777972095930,"pid":99126,"hostname":"nz-prod","req":{"id":121,"method":"GET","url":"/api/auth/me"},"res":{"statusCode":304},"responseTime":236,"msg":"request completed"}
2026-05-05 09:08:17 +00:00: {"level":30,"time":1777972097937,"pid":99126,"hostname":"nz-prod","req":{"id":122,"method":"GET","url":"/api/public/settings"},"res":{"statusCode":304},"responseTime":24,"msg":"request completed"}
2026-05-05 09:08:17 +00:00: {"level":30,"time":1777972097992,"pid":99126,"hostname":"nz-prod","req":{"id":124,"method":"GET","url":"/api/pricing/plans"},"res":{"statusCode":304},"responseTime":1,"msg":"request completed"}
2026-05-05 09:08:18 +00:00: {"level":30,"time":1777972098028,"pid":99126,"hostname":"nz-prod","req":{"id":123,"method":"GET","url":"/api/auth/me"},"res":{"statusCode":304},"responseTime":49,"msg":"request completed"}
2026-05-05 09:08:19 +00:00: {"level":30,"time":1777972099303,"pid":99126,"hostname":"nz-prod","req":{"id":125,"method":"GET","url":"/api/auth/me"},"res":{"statusCode":304},"responseTime":44,"msg":"request completed"}
2026-05-05 09:08:19 +00:00: {"level":30,"time":1777972099309,"pid":99126,"hostname":"nz-prod","req":{"id":126,"method":"GET","url":"/api/stats/subjects"},"res":{"statusCode":200},"responseTime":49,"msg":"request completed"}
2026-05-05 09:08:19 +00:00: {"level":30,"time":1777972099322,"pid":99126,"hostname":"nz-prod","req":{"id":127,"method":"GET","url":"/api/stats/dashboard"},"res":{"statusCode":200},"responseTime":62,"msg":"request completed"}
2026-05-05 09:08:33 +00:00: {"level":30,"time":1777972113116,"pid":99126,"hostname":"nz-prod","req":{"id":128,"method":"GET","url":"/api/tasks"},"res":{"statusCode":200},"responseTime":87,"msg":"request completed"}
2026-05-05 09:08:37 +00:00: {"level":30,"time":1777972117376,"pid":99126,"hostname":"nz-prod","req":{"id":130,"method":"GET","url":"/api/tasks/67"},"res":{"statusCode":304},"responseTime":61,"msg":"request completed"}
2026-05-05 09:08:37 +00:00: {"level":30,"time":1777972117411,"pid":99126,"hostname":"nz-prod","req":{"id":129,"method":"GET","url":"/api/auth/me"},"res":{"statusCode":304},"responseTime":97,"msg":"request completed"}
2026-05-05 09:09:13 +00:00: {"level":30,"time":1777972153108,"pid":99126,"hostname":"nz-prod","req":{"id":131,"method":"GET","url":"/api/auth/me"},"res":{"statusCode":200},"responseTime":143,"msg":"request completed"}
2026-05-05 09:09:13 +00:00: {"level":30,"time":1777972153196,"pid":99126,"hostname":"nz-prod","req":{"id":133,"method":"GET","url":"/api/tasks/67"},"res":{"statusCode":200},"responseTime":32,"msg":"request completed"}
2026-05-05 09:09:13 +00:00: {"level":30,"time":1777972153230,"pid":99126,"hostname":"nz-prod","req":{"id":132,"method":"GET","url":"/api/auth/me"},"res":{"statusCode":200},"responseTime":68,"msg":"request completed"}
2026-05-05 09:20:06 +00:00: [supabase] Connected using SUPABASE_SERVICE_KEY (attempt 1)
2026-05-05 09:20:06 +00:00: {"level":40,"time":1777972806983,"pid":132053,"hostname":"nz-prod","msg":"Postgres URL not configured — Drizzle fallback path will be unavailable"}
2026-05-05 09:20:06 +00:00: {"level":30,"time":1777972806984,"pid":132053,"hostname":"nz-prod","msg":"Running database migrations..."}
2026-05-05 09:20:06 +00:00: {"level":30,"time":1777972806984,"pid":132053,"hostname":"nz-prod","msg":"Supabase configured — проверяю схему..."}
2026-05-05 09:20:07 +00:00: {"level":30,"time":1777972807099,"pid":132053,"hostname":"nz-prod","msg":"✅ Схема Supabase актуальна, миграции не требуются"}
2026-05-05 09:20:07 +00:00: {"level":30,"time":1777972807101,"pid":132053,"hostname":"nz-prod","port":3001,"msg":"Server listening"}
2026-05-05 09:20:55 +00:00: {"level":30,"time":1777972855342,"pid":132053,"hostname":"nz-prod","req":{"id":2,"method":"GET","url":"/api/tasks/67"},"res":{"statusCode":304},"responseTime":87,"msg":"request completed"}
2026-05-05 09:20:55 +00:00: {"level":30,"time":1777972855345,"pid":132053,"hostname":"nz-prod","req":{"id":1,"method":"GET","url":"/api/auth/me"},"res":{"statusCode":304},"responseTime":164,"msg":"request completed"}
2026-05-05 09:20:56 +00:00: {"level":30,"time":1777972856990,"pid":132053,"hostname":"nz-prod","req":{"id":3,"method":"GET","url":"/api/auth/me"},"res":{"statusCode":200},"responseTime":54,"msg":"request completed"}
2026-05-05 09:20:57 +00:00: {"level":30,"time":1777972857081,"pid":132053,"hostname":"nz-prod","req":{"id":5,"method":"GET","url":"/api/tasks/67"},"res":{"statusCode":304},"responseTime":35,"msg":"request completed"}
2026-05-05 09:20:57 +00:00: {"level":30,"time":1777972857090,"pid":132053,"hostname":"nz-prod","req":{"id":4,"method":"GET","url":"/api/auth/me"},"res":{"statusCode":304},"responseTime":46,"msg":"request completed"}
2026-05-05 09:21:04 +00:00: {"level":30,"time":1777972864778,"pid":132053,"hostname":"nz-prod","req":{"id":7,"method":"GET","url":"/api/auth/me"},"res":{"statusCode":304},"responseTime":76,"msg":"request completed"}
2026-05-05 09:21:04 +00:00: {"level":30,"time":1777972864785,"pid":132053,"hostname":"nz-prod","req":{"id":8,"method":"GET","url":"/api/stats/subjects"},"res":{"statusCode":304},"responseTime":81,"msg":"request completed"}
2026-05-05 09:21:04 +00:00: {"level":30,"time":1777972864788,"pid":132053,"hostname":"nz-prod","req":{"id":6,"method":"GET","url":"/api/stats/dashboard"},"res":{"statusCode":304},"responseTime":88,"msg":"request completed"}
2026-05-05 09:21:06 +00:00: {"level":30,"time":1777972866242,"pid":132053,"hostname":"nz-prod","req":{"id":9,"method":"GET","url":"/api/auth/me"},"res":{"statusCode":304},"responseTime":46,"msg":"request completed"}
2026-05-05 09:21:13 +00:00: {"level":30,"time":1777972873254,"pid":132053,"hostname":"nz-prod","req":{"id":10,"method":"POST","url":"/api/tasks/estimate"},"res":{"statusCode":200},"responseTime":49,"msg":"request completed"}
2026-05-05 09:21:27 +00:00: {"level":30,"time":1777972887630,"pid":132053,"hostname":"nz-prod","req":{"id":11,"method":"POST","url":"/api/tasks"},"res":{"statusCode":201},"responseTime":160,"msg":"request completed"}
2026-05-05 09:21:27 +00:00: {"level":30,"time":1777972887721,"pid":132053,"hostname":"nz-prod","req":{"id":13,"method":"GET","url":"/api/tasks/69"},"res":{"statusCode":200},"responseTime":31,"msg":"request completed"}
2026-05-05 09:21:27 +00:00: {"level":30,"time":1777972887824,"pid":132053,"hostname":"nz-prod","req":{"id":12,"method":"GET","url":"/api/auth/me"},"res":{"statusCode":200},"responseTime":135,"msg":"request completed"}
2026-05-05 09:21:30 +00:00: {"level":30,"time":1777972890803,"pid":132053,"hostname":"nz-prod","req":{"id":14,"method":"GET","url":"/api/tasks/69"},"res":{"statusCode":304},"responseTime":33,"msg":"request completed"}
2026-05-05 09:21:33 +00:00: {"level":30,"time":1777972893880,"pid":132053,"hostname":"nz-prod","req":{"id":15,"method":"GET","url":"/api/tasks/69"},"res":{"statusCode":304},"responseTime":32,"msg":"request completed"}
2026-05-05 09:21:36 +00:00: {"level":30,"time":1777972896960,"pid":132053,"hostname":"nz-prod","req":{"id":16,"method":"GET","url":"/api/tasks/69"},"res":{"statusCode":200},"responseTime":35,"msg":"request completed"}
2026-05-05 09:21:52 +00:00: {"level":30,"time":1777972912460,"pid":132053,"hostname":"nz-prod","req":{"id":17,"method":"GET","url":"/api/auth/me"},"res":{"statusCode":304},"responseTime":92,"msg":"request completed"}
2026-05-05 09:21:52 +00:00: {"level":30,"time":1777972912548,"pid":132053,"hostname":"nz-prod","req":{"id":18,"method":"GET","url":"/api/auth/me"},"res":{"statusCode":304},"responseTime":37,"msg":"request completed"}
2026-05-05 09:22:05 +00:00: {"level":30,"time":1777972925275,"pid":132053,"hostname":"nz-prod","req":{"id":19,"method":"GET","url":"/api/tasks"},"res":{"statusCode":200},"responseTime":80,"msg":"request completed"}
2026-05-05 09:22:08 +00:00: {"level":30,"time":1777972928420,"pid":132053,"hostname":"nz-prod","req":{"id":20,"method":"GET","url":"/api/auth/me"},"res":{"statusCode":304},"responseTime":37,"msg":"request completed"}
2026-05-05 09:22:08 +00:00: {"level":30,"time":1777972928486,"pid":132053,"hostname":"nz-prod","req":{"id":21,"method":"GET","url":"/api/tasks/69"},"res":{"statusCode":304},"responseTime":27,"msg":"request completed"}
2026-05-05 09:22:50 +00:00: {"level":30,"time":1777972970520,"pid":132053,"hostname":"nz-prod","req":{"id":22,"method":"POST","url":"/api/tasks/generate-image"},"res":{"statusCode":200},"responseTime":17118,"msg":"request completed"}
2026-05-05 09:22:50 +00:00: {"level":30,"time":1777972970676,"pid":132053,"hostname":"nz-prod","req":{"id":23,"method":"GET","url":"/api/auth/me"},"res":{"statusCode":200},"responseTime":114,"msg":"request completed"}
2026-05-05 09:24:47 +00:00: {"level":30,"time":1777973087489,"pid":132053,"hostname":"nz-prod","req":{"id":24,"method":"GET","url":"/api/auth/me"},"res":{"statusCode":304},"responseTime":133,"msg":"request completed"}
2026-05-05 09:24:47 +00:00: {"level":30,"time":1777973087500,"pid":132053,"hostname":"nz-prod","req":{"id":25,"method":"GET","url":"/api/tasks/69"},"res":{"statusCode":304},"responseTime":68,"msg":"request completed"}
2026-05-05 09:25:28 +00:00: {"level":30,"time":1777973128368,"pid":132053,"hostname":"nz-prod","req":{"id":28,"method":"GET","url":"/api/stats/subjects"},"res":{"statusCode":200},"responseTime":97,"msg":"request completed"}
2026-05-05 09:25:28 +00:00: {"level":30,"time":1777973128399,"pid":132053,"hostname":"nz-prod","req":{"id":26,"method":"GET","url":"/api/auth/me"},"res":{"statusCode":304},"responseTime":204,"msg":"request completed"}
2026-05-05 09:25:28 +00:00: {"level":30,"time":1777973128409,"pid":132053,"hostname":"nz-prod","req":{"id":27,"method":"GET","url":"/api/stats/dashboard"},"res":{"statusCode":200},"responseTime":212,"msg":"request completed"}
2026-05-05 09:25:34 +00:00: {"level":30,"time":1777973134294,"pid":132053,"hostname":"nz-prod","req":{"id":29,"method":"GET","url":"/api/auth/me"},"res":{"statusCode":304},"responseTime":84,"msg":"request completed"}
2026-05-05 09:25:34 +00:00: {"level":30,"time":1777973134296,"pid":132053,"hostname":"nz-prod","req":{"id":30,"method":"GET","url":"/api/stats/dashboard"},"res":{"statusCode":304},"responseTime":84,"msg":"request completed"}
2026-05-05 09:25:34 +00:00: {"level":30,"time":1777973134298,"pid":132053,"hostname":"nz-prod","req":{"id":31,"method":"GET","url":"/api/stats/subjects"},"res":{"statusCode":304},"responseTime":84,"msg":"request completed"}
2026-05-05 09:25:34 +00:00: {"level":30,"time":1777973134704,"pid":132053,"hostname":"nz-prod","req":{"id":33,"method":"GET","url":"/api/auth/me"},"res":{"statusCode":401},"responseTime":0,"msg":"request completed"}
2026-05-05 09:25:34 +00:00: {"level":30,"time":1777973134718,"pid":132053,"hostname":"nz-prod","req":{"id":32,"method":"GET","url":"/api/public/settings"},"res":{"statusCode":200},"responseTime":16,"msg":"request completed"}
2026-05-05 09:25:34 +00:00: {"level":30,"time":1777973134744,"pid":132053,"hostname":"nz-prod","req":{"id":34,"method":"GET","url":"/api/pricing/plans"},"res":{"statusCode":200},"responseTime":1,"msg":"request completed"}
2026-05-05 09:25:36 +00:00: {"level":30,"time":1777973136428,"pid":132053,"hostname":"nz-prod","req":{"id":35,"method":"GET","url":"/api/public/settings"},"res":{"statusCode":304},"responseTime":1,"msg":"request completed"}
2026-05-05 09:25:42 +00:00: {"level":30,"time":1777973142649,"pid":132053,"hostname":"nz-prod","req":{"id":36,"method":"POST","url":"/api/auth/register"},"res":{"statusCode":201},"responseTime":119,"msg":"request completed"}
2026-05-05 09:25:42 +00:00: {"level":30,"time":1777973142738,"pid":132053,"hostname":"nz-prod","req":{"id":37,"method":"GET","url":"/api/auth/me"},"res":{"statusCode":200},"responseTime":41,"msg":"request completed"}
2026-05-05 09:25:42 +00:00: {"level":30,"time":1777973142832,"pid":132053,"hostname":"nz-prod","req":{"id":38,"method":"GET","url":"/api/auth/me"},"res":{"statusCode":304},"responseTime":42,"msg":"request completed"}
2026-05-05 09:25:42 +00:00: {"level":30,"time":1777973142839,"pid":132053,"hostname":"nz-prod","req":{"id":40,"method":"GET","url":"/api/stats/subjects"},"res":{"statusCode":200},"responseTime":47,"msg":"request completed"}
2026-05-05 09:25:42 +00:00: {"level":30,"time":1777973142851,"pid":132053,"hostname":"nz-prod","req":{"id":39,"method":"GET","url":"/api/stats/dashboard"},"res":{"statusCode":200},"responseTime":60,"msg":"request completed"}
2026-05-05 09:25:49 +00:00: {"level":30,"time":1777973149433,"pid":132053,"hostname":"nz-prod","req":{"id":42,"method":"GET","url":"/api/tasks/68"},"res":{"statusCode":304},"responseTime":68,"msg":"request completed"}
2026-05-05 09:25:49 +00:00: {"level":30,"time":1777973149456,"pid":132053,"hostname":"nz-prod","req":{"id":41,"method":"GET","url":"/api/auth/me"},"res":{"statusCode":304},"responseTime":95,"msg":"request completed"}
2026-05-05 09:26:23 +00:00: {"level":30,"time":1777973183291,"pid":132053,"hostname":"nz-prod","req":{"id":43,"method":"POST","url":"/api/auth/verify-email"},"res":{"statusCode":200},"responseTime":132,"msg":"request completed"}
2026-05-05 09:26:26 +00:00: {"level":30,"time":1777973186517,"pid":132053,"hostname":"nz-prod","req":{"id":44,"method":"GET","url":"/api/auth/me"},"res":{"statusCode":200},"responseTime":40,"msg":"request completed"}
2026-05-05 09:26:26 +00:00: {"level":30,"time":1777973186614,"pid":132053,"hostname":"nz-prod","req":{"id":46,"method":"GET","url":"/api/stats/dashboard"},"res":{"statusCode":304},"responseTime":38,"msg":"request completed"}
2026-05-05 09:26:26 +00:00: {"level":30,"time":1777973186625,"pid":132053,"hostname":"nz-prod","req":{"id":47,"method":"GET","url":"/api/stats/subjects"},"res":{"statusCode":304},"responseTime":48,"msg":"request completed"}
2026-05-05 09:26:26 +00:00: {"level":30,"time":1777973186639,"pid":132053,"hostname":"nz-prod","req":{"id":45,"method":"GET","url":"/api/auth/me"},"res":{"statusCode":304},"responseTime":64,"msg":"request completed"}
2026-05-05 09:26:31 +00:00: {"level":30,"time":1777973191675,"pid":132053,"hostname":"nz-prod","req":{"id":48,"method":"GET","url":"/api/auth/me"},"res":{"statusCode":304},"responseTime":97,"msg":"request completed"}
2026-05-05 09:26:31 +00:00: {"level":30,"time":1777973191773,"pid":132053,"hostname":"nz-prod","req":{"id":49,"method":"GET","url":"/api/auth/me"},"res":{"statusCode":304},"responseTime":46,"msg":"request completed"}
2026-05-05 09:26:31 +00:00: {"level":30,"time":1777973191781,"pid":132053,"hostname":"nz-prod","req":{"id":51,"method":"GET","url":"/api/stats/subjects"},"res":{"statusCode":304},"responseTime":51,"msg":"request completed"}
2026-05-05 09:26:31 +00:00: {"level":30,"time":1777973191799,"pid":132053,"hostname":"nz-prod","req":{"id":50,"method":"GET","url":"/api/stats/dashboard"},"res":{"statusCode":304},"responseTime":70,"msg":"request completed"}
2026-05-05 09:26:33 +00:00: {"level":30,"time":1777973193078,"pid":132053,"hostname":"nz-prod","req":{"id":52,"method":"POST","url":"/api/auth/resend-verification"},"res":{"statusCode":400},"responseTime":18,"msg":"request completed"}
2026-05-05 09:26:35 +00:00: {"level":30,"time":1777973195003,"pid":132053,"hostname":"nz-prod","req":{"id":53,"method":"GET","url":"/api/auth/me"},"res":{"statusCode":304},"responseTime":45,"msg":"request completed"}
2026-05-05 09:26:35 +00:00: {"level":30,"time":1777973195100,"pid":132053,"hostname":"nz-prod","req":{"id":55,"method":"GET","url":"/api/auth/me"},"res":{"statusCode":304},"responseTime":44,"msg":"request completed"}
2026-05-05 09:26:35 +00:00: {"level":30,"time":1777973195103,"pid":132053,"hostname":"nz-prod","req":{"id":54,"method":"GET","url":"/api/stats/dashboard"},"res":{"statusCode":304},"responseTime":48,"msg":"request completed"}
2026-05-05 09:26:35 +00:00: {"level":30,"time":1777973195112,"pid":132053,"hostname":"nz-prod","req":{"id":56,"method":"GET","url":"/api/stats/subjects"},"res":{"statusCode":304},"responseTime":55,"msg":"request completed"}
2026-05-05 09:26:36 +00:00: {"level":30,"time":1777973196680,"pid":132053,"hostname":"nz-prod","req":{"id":57,"method":"POST","url":"/api/auth/resend-verification"},"res":{"statusCode":400},"responseTime":23,"msg":"request completed"}
2026-05-05 09:42:51 +00:00: {"level":30,"time":1777974171378,"pid":132053,"hostname":"nz-prod","req":{"id":58,"method":"GET","url":"/api/auth/me"},"res":{"statusCode":304},"responseTime":116,"msg":"request completed"}
2026-05-05 09:42:51 +00:00: {"level":30,"time":1777974171383,"pid":132053,"hostname":"nz-prod","req":{"id":60,"method":"GET","url":"/api/stats/subjects"},"res":{"statusCode":304},"responseTime":45,"msg":"request completed"}
2026-05-05 09:42:51 +00:00: {"level":30,"time":1777974171400,"pid":132053,"hostname":"nz-prod","req":{"id":59,"method":"GET","url":"/api/stats/dashboard"},"res":{"statusCode":304},"responseTime":63,"msg":"request completed"}
2026-05-05 09:42:53 +00:00: {"level":30,"time":1777974173945,"pid":132053,"hostname":"nz-prod","req":{"id":61,"method":"GET","url":"/api/auth/me"},"res":{"statusCode":200},"responseTime":45,"msg":"request completed"}
2026-05-05 09:42:54 +00:00: {"level":30,"time":1777974174047,"pid":132053,"hostname":"nz-prod","req":{"id":62,"method":"GET","url":"/api/auth/me"},"res":{"statusCode":304},"responseTime":44,"msg":"request completed"}
2026-05-05 09:42:54 +00:00: {"level":30,"time":1777974174049,"pid":132053,"hostname":"nz-prod","req":{"id":63,"method":"GET","url":"/api/stats/dashboard"},"res":{"statusCode":304},"responseTime":44,"msg":"request completed"}
2026-05-05 09:42:54 +00:00: {"level":30,"time":1777974174110,"pid":132053,"hostname":"nz-prod","req":{"id":64,"method":"GET","url":"/api/stats/subjects"},"res":{"statusCode":304},"responseTime":31,"msg":"request completed"}
2026-05-05 09:43:31 +00:00: {"level":30,"time":1777974211865,"pid":132053,"hostname":"nz-prod","req":{"id":65,"method":"GET","url":"/api/tasks"},"res":{"statusCode":304},"responseTime":123,"msg":"request completed"}
2026-05-05 09:43:34 +00:00: {"level":30,"time":1777974214734,"pid":132053,"hostname":"nz-prod","req":{"id":67,"method":"GET","url":"/api/tasks/69"},"res":{"statusCode":304},"responseTime":66,"msg":"request completed"}
2026-05-05 09:43:34 +00:00: {"level":30,"time":1777974214792,"pid":132053,"hostname":"nz-prod","req":{"id":66,"method":"GET","url":"/api/auth/me"},"res":{"statusCode":304},"responseTime":125,"msg":"request completed"}
2026-05-05 09:43:42 +00:00: {"level":30,"time":1777974222525,"pid":132053,"hostname":"nz-prod","req":{"id":68,"method":"GET","url":"/api/tasks/shared/69"},"res":{"statusCode":200},"responseTime":63,"msg":"request completed"}
2026-05-05 09:44:00 +00:00: {"level":30,"time":1777974240841,"pid":132053,"hostname":"nz-prod","req":{"id":69,"method":"GET","url":"/api/tasks/shared/69"},"res":{"statusCode":200},"responseTime":63,"msg":"request completed"}
2026-05-05 09:44:15 +00:00: {"level":30,"time":1777974255008,"pid":132053,"hostname":"nz-prod","req":{"id":70,"method":"GET","url":"/api/auth/me"},"res":{"statusCode":304},"responseTime":166,"msg":"request completed"}
2026-05-05 09:44:15 +00:00: {"level":30,"time":1777974255010,"pid":132053,"hostname":"nz-prod","req":{"id":71,"method":"GET","url":"/api/tasks/69"},"res":{"statusCode":304},"responseTime":94,"msg":"request completed"}
2026-05-05 09:44:16 +00:00: {"level":30,"time":1777974256183,"pid":132053,"hostname":"nz-prod","req":{"id":73,"method":"GET","url":"/api/tasks/68"},"res":{"statusCode":304},"responseTime":77,"msg":"request completed"}
2026-05-05 09:44:16 +00:00: {"level":30,"time":1777974256194,"pid":132053,"hostname":"nz-prod","req":{"id":72,"method":"GET","url":"/api/auth/me"},"res":{"statusCode":304},"responseTime":91,"msg":"request completed"}
2026-05-05 09:44:18 +00:00: {"level":30,"time":1777974258300,"pid":132053,"hostname":"nz-prod","req":{"id":75,"method":"GET","url":"/api/tasks/68"},"res":{"statusCode":304},"responseTime":29,"msg":"request completed"}
2026-05-05 09:44:18 +00:00: {"level":30,"time":1777974258303,"pid":132053,"hostname":"nz-prod","req":{"id":74,"method":"GET","url":"/api/auth/me"},"res":{"statusCode":304},"responseTime":42,"msg":"request completed"}
2026-05-05 09:44:19 +00:00: {"level":30,"time":1777974259159,"pid":132053,"hostname":"nz-prod","req":{"id":77,"method":"GET","url":"/api/tasks/69"},"res":{"statusCode":304},"responseTime":28,"msg":"request completed"}
2026-05-05 09:44:19 +00:00: {"level":30,"time":1777974259169,"pid":132053,"hostname":"nz-prod","req":{"id":76,"method":"GET","url":"/api/auth/me"},"res":{"statusCode":304},"responseTime":43,"msg":"request completed"}
2026-05-05 09:44:21 +00:00: {"level":30,"time":1777974261225,"pid":132053,"hostname":"nz-prod","req":{"id":78,"method":"GET","url":"/api/auth/me"},"res":{"statusCode":304},"responseTime":43,"msg":"request completed"}
2026-05-05 09:44:21 +00:00: {"level":30,"time":1777974261234,"pid":132053,"hostname":"nz-prod","req":{"id":79,"method":"GET","url":"/api/stats/dashboard"},"res":{"statusCode":304},"responseTime":42,"msg":"request completed"}
2026-05-05 09:44:21 +00:00: {"level":30,"time":1777974261299,"pid":132053,"hostname":"nz-prod","req":{"id":80,"method":"GET","url":"/api/stats/subjects"},"res":{"statusCode":304},"responseTime":32,"msg":"request completed"}
2026-05-05 09:44:21 +00:00: {"level":30,"time":1777974261967,"pid":132053,"hostname":"nz-prod","req":{"id":82,"method":"GET","url":"/api/stats/dashboard"},"res":{"statusCode":304},"responseTime":44,"msg":"request completed"}
2026-05-05 09:44:21 +00:00: {"level":30,"time":1777974261975,"pid":132053,"hostname":"nz-prod","req":{"id":83,"method":"GET","url":"/api/stats/subjects"},"res":{"statusCode":304},"responseTime":51,"msg":"request completed"}
2026-05-05 09:44:21 +00:00: {"level":30,"time":1777974261991,"pid":132053,"hostname":"nz-prod","req":{"id":81,"method":"GET","url":"/api/auth/me"},"res":{"statusCode":304},"responseTime":73,"msg":"request completed"}
2026-05-05 09:44:25 +00:00: {"level":30,"time":1777974265074,"pid":132053,"hostname":"nz-prod","req":{"id":84,"method":"GET","url":"/api/tasks"},"res":{"statusCode":304},"responseTime":32,"msg":"request completed"}
2026-05-05 09:44:29 +00:00: {"level":30,"time":1777974269356,"pid":132053,"hostname":"nz-prod","req":{"id":86,"method":"GET","url":"/api/tasks/66"},"res":{"statusCode":304},"responseTime":57,"msg":"request completed"}
2026-05-05 09:44:29 +00:00: {"level":30,"time":1777974269385,"pid":132053,"hostname":"nz-prod","req":{"id":85,"method":"GET","url":"/api/auth/me"},"res":{"statusCode":304},"responseTime":88,"msg":"request completed"}
2026-05-05 09:44:35 +00:00: {"level":30,"time":1777974275094,"pid":132053,"hostname":"nz-prod","req":{"id":87,"method":"POST","url":"/api/tasks/66/check-originality"},"res":{"statusCode":200},"responseTime":2460,"msg":"request completed"}
2026-05-05 09:49:53 +00:00: {"level":30,"time":1777974593205,"pid":132053,"hostname":"nz-prod","req":{"id":88,"method":"GET","url":"/api/auth/me"},"res":{"statusCode":200},"responseTime":216,"msg":"request completed"}
2026-05-05 09:49:53 +00:00: {"level":30,"time":1777974593337,"pid":132053,"hostname":"nz-prod","req":{"id":90,"method":"GET","url":"/api/tasks/66"},"res":{"statusCode":304},"responseTime":71,"msg":"request completed"}
2026-05-05 09:49:53 +00:00: {"level":30,"time":1777974593397,"pid":132053,"hostname":"nz-prod","req":{"id":89,"method":"GET","url":"/api/auth/me"},"res":{"statusCode":304},"responseTime":132,"msg":"request completed"}
2026-05-05 09:49:55 +00:00: {"level":30,"time":1777974595823,"pid":132053,"hostname":"nz-prod","req":{"id":91,"method":"GET","url":"/api/uniqueness/pricing"},"res":{"statusCode":200},"responseTime":32,"msg":"request completed"}
2026-05-05 09:49:55 +00:00: {"level":30,"time":1777974595868,"pid":132053,"hostname":"nz-prod","req":{"id":92,"method":"GET","url":"/api/auth/me"},"res":{"statusCode":304},"responseTime":64,"msg":"request completed"}
2026-05-05 09:50:08 +00:00: {"level":30,"time":1777974608228,"pid":132053,"hostname":"nz-prod","req":{"id":93,"method":"POST","url":"/api/uniqueness/check"},"res":{"statusCode":200},"responseTime":9488,"msg":"request completed"}
2026-05-05 09:50:28 +00:00: {"level":30,"time":1777974628547,"pid":132053,"hostname":"nz-prod","req":{"id":94,"method":"POST","url":"/api/uniqueness/rewrite"},"res":{"statusCode":402},"responseTime":180,"msg":"request completed"}
2026-05-05 10:03:07 +00:00: [supabase] Connected using SUPABASE_SERVICE_KEY (attempt 1)
2026-05-05 10:03:07 +00:00: {"level":40,"time":1777975387240,"pid":148107,"hostname":"nz-prod","msg":"Postgres URL not configured — Drizzle fallback path will be unavailable"}
2026-05-05 10:03:07 +00:00: {"level":30,"time":1777975387243,"pid":148107,"hostname":"nz-prod","msg":"Running database migrations..."}
2026-05-05 10:03:07 +00:00: {"level":30,"time":1777975387243,"pid":148107,"hostname":"nz-prod","msg":"Supabase configured — проверяю схему..."}
2026-05-05 10:03:07 +00:00: {"level":30,"time":1777975387399,"pid":148107,"hostname":"nz-prod","msg":"✅ Схема Supabase актуальна, миграции не требуются"}
2026-05-05 10:03:07 +00:00: {"level":30,"time":1777975387401,"pid":148107,"hostname":"nz-prod","port":3001,"msg":"Server listening"}
2026-05-05 10:06:54 +00:00: {"level":30,"time":1777975614510,"pid":148107,"hostname":"nz-prod","req":{"id":1,"method":"GET","url":"/api/auth/me"},"res":{"statusCode":200},"responseTime":172,"msg":"request completed"}
2026-05-05 10:07:02 +00:00: {"level":30,"time":1777975622713,"pid":148107,"hostname":"nz-prod","req":{"id":2,"method":"GET","url":"/api/auth/me"},"res":{"statusCode":200},"responseTime":163,"msg":"request completed"}
2026-05-05 10:07:04 +00:00: {"level":30,"time":1777975624109,"pid":148107,"hostname":"nz-prod","req":{"id":3,"method":"GET","url":"/api/auth/me"},"res":{"statusCode":304},"responseTime":88,"msg":"request completed"}
2026-05-05 10:07:06 +00:00: {"level":30,"time":1777975626535,"pid":148107,"hostname":"nz-prod","req":{"id":4,"method":"GET","url":"/api/public/settings"},"res":{"statusCode":304},"responseTime":38,"msg":"request completed"}
2026-05-05 10:07:06 +00:00: {"level":30,"time":1777975626574,"pid":148107,"hostname":"nz-prod","req":{"id":6,"method":"GET","url":"/api/pricing/plans"},"res":{"statusCode":304},"responseTime":2,"msg":"request completed"}
2026-05-05 10:07:06 +00:00: {"level":30,"time":1777975626579,"pid":148107,"hostname":"nz-prod","req":{"id":5,"method":"GET","url":"/api/auth/me"},"res":{"statusCode":304},"responseTime":78,"msg":"request completed"}
2026-05-05 10:07:07 +00:00: {"level":30,"time":1777975627747,"pid":148107,"hostname":"nz-prod","req":{"id":9,"method":"GET","url":"/api/stats/subjects"},"res":{"statusCode":304},"responseTime":35,"msg":"request completed"}
2026-05-05 10:07:07 +00:00: {"level":30,"time":1777975627763,"pid":148107,"hostname":"nz-prod","req":{"id":8,"method":"GET","url":"/api/stats/dashboard"},"res":{"statusCode":200},"responseTime":52,"msg":"request completed"}
2026-05-05 10:07:07 +00:00: {"level":30,"time":1777975627777,"pid":148107,"hostname":"nz-prod","req":{"id":7,"method":"GET","url":"/api/auth/me"},"res":{"statusCode":304},"responseTime":67,"msg":"request completed"}
2026-05-05 10:07:09 +00:00: {"level":30,"time":1777975629019,"pid":148107,"hostname":"nz-prod","req":{"id":10,"method":"GET","url":"/api/tasks"},"res":{"statusCode":304},"responseTime":37,"msg":"request completed"}
2026-05-05 10:07:10 +00:00: {"level":30,"time":1777975630780,"pid":148107,"hostname":"nz-prod","req":{"id":12,"method":"GET","url":"/api/tasks/69"},"res":{"statusCode":304},"responseTime":34,"msg":"request completed"}
2026-05-05 10:07:10 +00:00: {"level":30,"time":1777975630792,"pid":148107,"hostname":"nz-prod","req":{"id":11,"method":"GET","url":"/api/auth/me"},"res":{"statusCode":304},"responseTime":48,"msg":"request completed"}
2026-05-05 10:07:17 +00:00: {"level":30,"time":1777975637999,"pid":148107,"hostname":"nz-prod","req":{"id":13,"method":"POST","url":"/api/tasks/69/check-originality"},"res":{"statusCode":200},"responseTime":3981,"msg":"request completed"}
2026-05-05 10:07:27 +00:00: {"level":30,"time":1777975647679,"pid":148107,"hostname":"nz-prod","req":{"id":14,"method":"POST","url":"/api/tasks/69/check-originality"},"res":{"statusCode":200},"responseTime":4183,"msg":"request completed"}
2026-05-05 10:07:31 +00:00: {"level":30,"time":1777975651740,"pid":148107,"hostname":"nz-prod","req":{"id":15,"method":"GET","url":"/api/tasks"},"res":{"statusCode":304},"responseTime":80,"msg":"request completed"}
2026-05-05 10:07:33 +00:00: {"level":30,"time":1777975653703,"pid":148107,"hostname":"nz-prod","req":{"id":17,"method":"GET","url":"/api/tasks/68"},"res":{"statusCode":304},"responseTime":30,"msg":"request completed"}
2026-05-05 10:07:33 +00:00: {"level":30,"time":1777975653746,"pid":148107,"hostname":"nz-prod","req":{"id":16,"method":"GET","url":"/api/auth/me"},"res":{"statusCode":304},"responseTime":75,"msg":"request completed"}
2026-05-05 10:07:37 +00:00: {"level":30,"time":1777975657375,"pid":148107,"hostname":"nz-prod","req":{"id":18,"method":"POST","url":"/api/tasks/68/check-originality"},"res":{"statusCode":200},"responseTime":2546,"msg":"request completed"}
2026-05-05 10:10:15 +00:00: {"level":30,"time":1777975815630,"pid":148107,"hostname":"nz-prod","req":{"id":19,"method":"GET","url":"/api/auth/me"},"res":{"statusCode":200},"responseTime":213,"msg":"request completed"}
2026-05-05 10:10:15 +00:00: {"level":30,"time":1777975815783,"pid":148107,"hostname":"nz-prod","req":{"id":20,"method":"GET","url":"/api/tasks/68"},"res":{"statusCode":304},"responseTime":103,"msg":"request completed"}
2026-05-05 10:10:15 +00:00: {"level":30,"time":1777975815785,"pid":148107,"hostname":"nz-prod","req":{"id":21,"method":"GET","url":"/api/auth/me"},"res":{"statusCode":304},"responseTime":103,"msg":"request completed"}
2026-05-05 10:10:18 +00:00: {"level":30,"time":1777975818907,"pid":148107,"hostname":"nz-prod","req":{"id":22,"method":"GET","url":"/api/auth/me"},"res":{"statusCode":304},"responseTime":80,"msg":"request completed"}
2026-05-05 10:10:23 +00:00: {"level":30,"time":1777975823856,"pid":148107,"hostname":"nz-prod","req":{"id":23,"method":"GET","url":"/api/public/settings"},"res":{"statusCode":304},"responseTime":52,"msg":"request completed"}
2026-05-05 10:10:23 +00:00: {"level":30,"time":1777975823887,"pid":148107,"hostname":"nz-prod","req":{"id":24,"method":"GET","url":"/api/auth/me"},"res":{"statusCode":304},"responseTime":80,"msg":"request completed"}
2026-05-05 10:10:23 +00:00: {"level":30,"time":1777975823889,"pid":148107,"hostname":"nz-prod","req":{"id":25,"method":"GET","url":"/api/pricing/plans"},"res":{"statusCode":304},"responseTime":1,"msg":"request completed"}
2026-05-05 10:10:25 +00:00: {"level":30,"time":1777975825443,"pid":148107,"hostname":"nz-prod","req":{"id":27,"method":"GET","url":"/api/auth/me"},"res":{"statusCode":304},"responseTime":43,"msg":"request completed"}
2026-05-05 10:10:25 +00:00: {"level":30,"time":1777975825452,"pid":148107,"hostname":"nz-prod","req":{"id":28,"method":"GET","url":"/api/stats/subjects"},"res":{"statusCode":304},"responseTime":52,"msg":"request completed"}
2026-05-05 10:10:25 +00:00: {"level":30,"time":1777975825467,"pid":148107,"hostname":"nz-prod","req":{"id":26,"method":"GET","url":"/api/stats/dashboard"},"res":{"statusCode":304},"responseTime":69,"msg":"request completed"}
2026-05-05 10:10:30 +00:00: {"level":30,"time":1777975830790,"pid":148107,"hostname":"nz-prod","req":{"id":29,"method":"GET","url":"/api/tasks"},"res":{"statusCode":304},"responseTime":87,"msg":"request completed"}
2026-05-05 10:10:33 +00:00: {"level":30,"time":1777975833552,"pid":148107,"hostname":"nz-prod","req":{"id":30,"method":"GET","url":"/api/auth/me"},"res":{"statusCode":304},"responseTime":48,"msg":"request completed"}
2026-05-05 10:10:33 +00:00: {"level":30,"time":1777975833558,"pid":148107,"hostname":"nz-prod","req":{"id":31,"method":"GET","url":"/api/tasks/68"},"res":{"statusCode":304},"responseTime":53,"msg":"request completed"}
2026-05-05 10:10:35 +00:00: {"level":30,"time":1777975835809,"pid":148107,"hostname":"nz-prod","req":{"id":32,"method":"GET","url":"/api/auth/me"},"res":{"statusCode":200},"responseTime":51,"msg":"request completed"}
2026-05-05 10:10:35 +00:00: {"level":30,"time":1777975835889,"pid":148107,"hostname":"nz-prod","req":{"id":34,"method":"GET","url":"/api/tasks/68"},"res":{"statusCode":304},"responseTime":31,"msg":"request completed"}
2026-05-05 10:10:35 +00:00: {"level":30,"time":1777975835905,"pid":148107,"hostname":"nz-prod","req":{"id":33,"method":"GET","url":"/api/auth/me"},"res":{"statusCode":304},"responseTime":49,"msg":"request completed"}
2026-05-05 10:10:38 +00:00: {"level":30,"time":1777975838103,"pid":148107,"hostname":"nz-prod","req":{"id":35,"method":"GET","url":"/api/public/settings"},"res":{"statusCode":304},"responseTime":1,"msg":"request completed"}
2026-05-05 10:10:38 +00:00: {"level":30,"time":1777975838106,"pid":148107,"hostname":"nz-prod","req":{"id":37,"method":"GET","url":"/api/pricing/plans"},"res":{"statusCode":304},"responseTime":1,"msg":"request completed"}
2026-05-05 10:10:38 +00:00: {"level":30,"time":1777975838151,"pid":148107,"hostname":"nz-prod","req":{"id":36,"method":"GET","url":"/api/auth/me"},"res":{"statusCode":304},"responseTime":47,"msg":"request completed"}
2026-05-05 10:10:39 +00:00: {"level":30,"time":1777975839265,"pid":148107,"hostname":"nz-prod","req":{"id":40,"method":"GET","url":"/api/stats/subjects"},"res":{"statusCode":304},"responseTime":33,"msg":"request completed"}
2026-05-05 10:10:39 +00:00: {"level":30,"time":1777975839275,"pid":148107,"hostname":"nz-prod","req":{"id":38,"method":"GET","url":"/api/auth/me"},"res":{"statusCode":304},"responseTime":45,"msg":"request completed"}
2026-05-05 10:10:39 +00:00: {"level":30,"time":1777975839304,"pid":148107,"hostname":"nz-prod","req":{"id":39,"method":"GET","url":"/api/stats/dashboard"},"res":{"statusCode":304},"responseTime":73,"msg":"request completed"}
2026-05-05 10:10:41 +00:00: {"level":30,"time":1777975841099,"pid":148107,"hostname":"nz-prod","req":{"id":41,"method":"GET","url":"/api/tasks"},"res":{"statusCode":304},"responseTime":34,"msg":"request completed"}
2026-05-05 10:10:42 +00:00: {"level":30,"time":1777975842606,"pid":148107,"hostname":"nz-prod","req":{"id":42,"method":"GET","url":"/api/tasks/68"},"res":{"statusCode":304},"responseTime":34,"msg":"request completed"}
2026-05-05 10:10:42 +00:00: {"level":30,"time":1777975842621,"pid":148107,"hostname":"nz-prod","req":{"id":43,"method":"GET","url":"/api/auth/me"},"res":{"statusCode":304},"responseTime":48,"msg":"request completed"}
2026-05-05 10:13:19 +00:00: {"level":30,"time":1777975999753,"pid":148107,"hostname":"nz-prod","req":{"id":44,"method":"GET","url":"/api/auth/me"},"res":{"statusCode":200},"responseTime":152,"msg":"request completed"}
2026-05-05 10:13:19 +00:00: {"level":30,"time":1777975999873,"pid":148107,"hostname":"nz-prod","req":{"id":46,"method":"GET","url":"/api/tasks/68"},"res":{"statusCode":304},"responseTime":67,"msg":"request completed"}
2026-05-05 10:13:19 +00:00: {"level":30,"time":1777975999927,"pid":148107,"hostname":"nz-prod","req":{"id":45,"method":"GET","url":"/api/auth/me"},"res":{"statusCode":304},"responseTime":122,"msg":"request completed"}
2026-05-05 10:13:21 +00:00: {"level":30,"time":1777976001325,"pid":148107,"hostname":"nz-prod","req":{"id":47,"method":"GET","url":"/api/uniqueness/pricing"},"res":{"statusCode":200},"responseTime":36,"msg":"request completed"}
2026-05-05 10:13:21 +00:00: {"level":30,"time":1777976001352,"pid":148107,"hostname":"nz-prod","req":{"id":48,"method":"GET","url":"/api/auth/me"},"res":{"statusCode":304},"responseTime":61,"msg":"request completed"}
2026-05-05 10:13:33 +00:00: {"level":30,"time":1777976013764,"pid":148107,"hostname":"nz-prod","req":{"id":49,"method":"POST","url":"/api/uniqueness/check"},"res":{"statusCode":200},"responseTime":10440,"msg":"request completed"}
2026-05-05 10:14:07 +00:00: {"level":30,"time":1777976047475,"pid":148107,"hostname":"nz-prod","req":{"id":50,"method":"POST","url":"/api/uniqueness/rewrite"},"res":{"statusCode":200},"responseTime":3427,"msg":"request completed"}
2026-05-05 10:14:30 +00:00: {"level":30,"time":1777976070960,"pid":148107,"hostname":"nz-prod","req":{"id":51,"method":"POST","url":"/api/uniqueness/check"},"res":{"statusCode":200},"responseTime":11768,"msg":"request completed"}
2026-05-05 10:14:48 +00:00: {"level":30,"time":1777976088715,"pid":148107,"hostname":"nz-prod","req":{"id":52,"method":"POST","url":"/api/uniqueness/check"},"res":{"statusCode":200},"responseTime":9643,"msg":"request completed"}
2026-05-05 10:14:54 +00:00: {"level":30,"time":1777976094029,"pid":148107,"hostname":"nz-prod","req":{"id":53,"method":"POST","url":"/api/uniqueness/check"},"res":{"statusCode":200},"responseTime":12003,"msg":"request completed"}
2026-05-05 10:14:58 +00:00: {"level":30,"time":1777976098295,"pid":148107,"hostname":"nz-prod","req":{"id":54,"method":"POST","url":"/api/uniqueness/rewrite"},"res":{"statusCode":200},"responseTime":2836,"msg":"request completed"}
2026-05-05 10:15:12 +00:00: {"level":30,"time":1777976112248,"pid":148107,"hostname":"nz-prod","req":{"id":55,"method":"POST","url":"/api/uniqueness/check"},"res":{"statusCode":200},"responseTime":11937,"msg":"request completed"}
2026-05-05 10:22:25 +00:00: {"level":30,"time":1777976545277,"pid":148107,"hostname":"nz-prod","req":{"id":56,"method":"GET","url":"/api/auth/me"},"res":{"statusCode":200},"responseTime":232,"msg":"request completed"}
2026-05-05 10:22:25 +00:00: {"level":30,"time":1777976545360,"pid":148107,"hostname":"nz-prod","req":{"id":57,"method":"GET","url":"/api/uniqueness/pricing"},"res":{"statusCode":304},"responseTime":34,"msg":"request completed"}
2026-05-05 10:22:25 +00:00: {"level":30,"time":1777976545421,"pid":148107,"hostname":"nz-prod","req":{"id":58,"method":"GET","url":"/api/auth/me"},"res":{"statusCode":304},"responseTime":93,"msg":"request completed"}
2026-05-05 10:22:29 +00:00: {"level":30,"time":1777976549655,"pid":148107,"hostname":"nz-prod","req":{"id":59,"method":"GET","url":"/api/tasks"},"res":{"statusCode":304},"responseTime":119,"msg":"request completed"}
2026-05-05 10:22:31 +00:00: {"level":30,"time":1777976551423,"pid":148107,"hostname":"nz-prod","req":{"id":60,"method":"GET","url":"/api/auth/me"},"res":{"statusCode":304},"responseTime":58,"msg":"request completed"}
2026-05-05 10:22:31 +00:00: {"level":30,"time":1777976551472,"pid":148107,"hostname":"nz-prod","req":{"id":61,"method":"GET","url":"/api/tasks/68"},"res":{"statusCode":304},"responseTime":31,"msg":"request completed"}
2026-05-05 10:22:34 +00:00: {"level":30,"time":1777976554550,"pid":148107,"hostname":"nz-prod","req":{"id":62,"method":"GET","url":"/api/uniqueness/pricing"},"res":{"statusCode":304},"responseTime":1,"msg":"request completed"}
2026-05-05 10:22:34 +00:00: {"level":30,"time":1777976554598,"pid":148107,"hostname":"nz-prod","req":{"id":63,"method":"GET","url":"/api/auth/me"},"res":{"statusCode":304},"responseTime":46,"msg":"request completed"}
2026-05-05 10:22:47 +00:00: {"level":30,"time":1777976567851,"pid":148107,"hostname":"nz-prod","req":{"id":64,"method":"POST","url":"/api/uniqueness/check"},"res":{"statusCode":200},"responseTime":11896,"msg":"request completed"}
2026-05-05 10:23:13 +00:00: {"level":30,"time":1777976593521,"pid":148107,"hostname":"nz-prod","req":{"id":65,"method":"GET","url":"/api/auth/me"},"res":{"statusCode":200},"responseTime":158,"msg":"request completed"}
2026-05-05 10:23:13 +00:00: {"level":30,"time":1777976593613,"pid":148107,"hostname":"nz-prod","req":{"id":66,"method":"GET","url":"/api/uniqueness/pricing"},"res":{"statusCode":304},"responseTime":39,"msg":"request completed"}
2026-05-05 10:23:13 +00:00: {"level":30,"time":1777976593662,"pid":148107,"hostname":"nz-prod","req":{"id":67,"method":"GET","url":"/api/auth/me"},"res":{"statusCode":304},"responseTime":86,"msg":"request completed"}
2026-05-05 10:23:17 +00:00: {"level":30,"time":1777976597619,"pid":148107,"hostname":"nz-prod","req":{"id":69,"method":"GET","url":"/api/stats/dashboard"},"res":{"statusCode":200},"responseTime":48,"msg":"request completed"}
2026-05-05 10:23:17 +00:00: {"level":30,"time":1777976597640,"pid":148107,"hostname":"nz-prod","req":{"id":68,"method":"GET","url":"/api/auth/me"},"res":{"statusCode":304},"responseTime":70,"msg":"request completed"}
2026-05-05 10:23:17 +00:00: {"level":30,"time":1777976597681,"pid":148107,"hostname":"nz-prod","req":{"id":70,"method":"GET","url":"/api/stats/subjects"},"res":{"statusCode":304},"responseTime":34,"msg":"request completed"}
2026-05-05 10:23:19 +00:00: {"level":30,"time":1777976599463,"pid":148107,"hostname":"nz-prod","req":{"id":71,"method":"GET","url":"/api/tasks"},"res":{"statusCode":304},"responseTime":32,"msg":"request completed"}
2026-05-05 10:23:21 +00:00: {"level":30,"time":1777976601974,"pid":148107,"hostname":"nz-prod","req":{"id":72,"method":"GET","url":"/api/tasks/69"},"res":{"statusCode":304},"responseTime":35,"msg":"request completed"}
2026-05-05 10:23:22 +00:00: {"level":30,"time":1777976602009,"pid":148107,"hostname":"nz-prod","req":{"id":73,"method":"GET","url":"/api/auth/me"},"res":{"statusCode":304},"responseTime":69,"msg":"request completed"}
2026-05-05 10:23:25 +00:00: {"level":30,"time":1777976605305,"pid":148107,"hostname":"nz-prod","req":{"id":74,"method":"GET","url":"/api/uniqueness/pricing"},"res":{"statusCode":304},"responseTime":1,"msg":"request completed"}
2026-05-05 10:23:25 +00:00: {"level":30,"time":1777976605352,"pid":148107,"hostname":"nz-prod","req":{"id":75,"method":"GET","url":"/api/auth/me"},"res":{"statusCode":304},"responseTime":46,"msg":"request completed"}
2026-05-05 10:23:28 +00:00: {"level":30,"time":1777976608067,"pid":148107,"hostname":"nz-prod","req":{"id":77,"method":"GET","url":"/api/tasks/69"},"res":{"statusCode":304},"responseTime":32,"msg":"request completed"}
2026-05-05 10:23:28 +00:00: {"level":30,"time":1777976608107,"pid":148107,"hostname":"nz-prod","req":{"id":76,"method":"GET","url":"/api/auth/me"},"res":{"statusCode":304},"responseTime":76,"msg":"request completed"}
2026-05-05 10:23:29 +00:00: {"level":30,"time":1777976609923,"pid":148107,"hostname":"nz-prod","req":{"id":78,"method":"GET","url":"/api/auth/me"},"res":{"statusCode":200},"responseTime":41,"msg":"request completed"}
2026-05-05 10:23:30 +00:00: {"level":30,"time":1777976610001,"pid":148107,"hostname":"nz-prod","req":{"id":80,"method":"GET","url":"/api/tasks/69"},"res":{"statusCode":304},"responseTime":30,"msg":"request completed"}
2026-05-05 10:23:30 +00:00: {"level":30,"time":1777976610013,"pid":148107,"hostname":"nz-prod","req":{"id":79,"method":"GET","url":"/api/auth/me"},"res":{"statusCode":304},"responseTime":43,"msg":"request completed"}
2026-05-05 10:23:30 +00:00: {"level":30,"time":1777976610900,"pid":148107,"hostname":"nz-prod","req":{"id":81,"method":"GET","url":"/api/uniqueness/pricing"},"res":{"statusCode":304},"responseTime":1,"msg":"request completed"}
2026-05-05 10:23:30 +00:00: {"level":30,"time":1777976610942,"pid":148107,"hostname":"nz-prod","req":{"id":82,"method":"GET","url":"/api/auth/me"},"res":{"statusCode":304},"responseTime":42,"msg":"request completed"}
2026-05-05 11:36:29 +00:00: {"level":30,"time":1777980989139,"pid":148107,"hostname":"nz-prod","req":{"id":83,"method":"GET","url":"/api/auth/me"},"res":{"statusCode":304},"responseTime":214,"msg":"request completed"}
2026-05-05 13:07:55 +00:00: {"level":30,"time":1777986475490,"pid":148107,"hostname":"nz-prod","req":{"id":84,"method":"GET","url":"/api/auth/me"},"res":{"statusCode":304},"responseTime":471,"msg":"request completed"}
2026-05-05 13:58:51 +00:00: {"level":30,"time":1777989531718,"pid":148107,"hostname":"nz-prod","req":{"id":85,"method":"GET","url":"/api/auth/me"},"res":{"statusCode":304},"responseTime":162,"msg":"request completed"}
2026-05-05 15:26:22 +00:00: [supabase] Connected using SUPABASE_SERVICE_KEY (attempt 1)
2026-05-05 15:26:22 +00:00: {"level":40,"time":1777994782696,"pid":260855,"hostname":"nz-prod","msg":"Postgres URL not configured — Drizzle fallback path will be unavailable"}
2026-05-05 15:26:22 +00:00: {"level":30,"time":1777994782699,"pid":260855,"hostname":"nz-prod","msg":"Running database migrations..."}
2026-05-05 15:26:22 +00:00: {"level":30,"time":1777994782699,"pid":260855,"hostname":"nz-prod","msg":"Supabase configured — проверяю схему..."}
2026-05-05 15:26:22 +00:00: {"level":30,"time":1777994782792,"pid":260855,"hostname":"nz-prod","msg":"✅ Схема Supabase актуальна, миграции не требуются"}
2026-05-05 15:26:22 +00:00: {"level":30,"time":1777994782794,"pid":260855,"hostname":"nz-prod","port":3001,"msg":"Server listening"}
2026-05-05 16:33:49 +00:00: {"level":30,"time":1777998829026,"pid":260855,"hostname":"nz-prod","req":{"id":3,"method":"GET","url":"/api/pricing/plans"},"res":{"statusCode":304},"responseTime":4,"msg":"request completed"}
2026-05-05 16:33:49 +00:00: {"level":30,"time":1777998829059,"pid":260855,"hostname":"nz-prod","req":{"id":1,"method":"GET","url":"/api/public/settings"},"res":{"statusCode":304},"responseTime":113,"msg":"request completed"}
2026-05-05 16:33:49 +00:00: {"level":30,"time":1777998829124,"pid":260855,"hostname":"nz-prod","req":{"id":2,"method":"GET","url":"/api/auth/me"},"res":{"statusCode":304},"responseTime":173,"msg":"request completed"}
2026-05-05 16:33:50 +00:00: {"level":30,"time":1777998830175,"pid":260855,"hostname":"nz-prod","req":{"id":4,"method":"GET","url":"/api/auth/me"},"res":{"statusCode":304},"responseTime":87,"msg":"request completed"}
2026-05-05 16:33:50 +00:00: {"level":30,"time":1777998830183,"pid":260855,"hostname":"nz-prod","req":{"id":6,"method":"GET","url":"/api/stats/subjects"},"res":{"statusCode":304},"responseTime":92,"msg":"request completed"}
2026-05-05 16:33:50 +00:00: {"level":30,"time":1777998830198,"pid":260855,"hostname":"nz-prod","req":{"id":5,"method":"GET","url":"/api/stats/dashboard"},"res":{"statusCode":304},"responseTime":108,"msg":"request completed"}
2026-05-05 16:33:57 +00:00: {"level":30,"time":1777998837969,"pid":260855,"hostname":"nz-prod","req":{"id":7,"method":"GET","url":"/api/tasks"},"res":{"statusCode":304},"responseTime":102,"msg":"request completed"}
2026-05-05 16:34:00 +00:00: {"level":30,"time":1777998840579,"pid":260855,"hostname":"nz-prod","req":{"id":9,"method":"GET","url":"/api/tasks/69"},"res":{"statusCode":304},"responseTime":37,"msg":"request completed"}
2026-05-05 16:34:00 +00:00: {"level":30,"time":1777998840612,"pid":260855,"hostname":"nz-prod","req":{"id":8,"method":"GET","url":"/api/auth/me"},"res":{"statusCode":304},"responseTime":72,"msg":"request completed"}
2026-05-05 16:34:29 +00:00: {"level":30,"time":1777998869444,"pid":260855,"hostname":"nz-prod","req":{"id":10,"method":"POST","url":"/api/tasks/generate-image"},"res":{"statusCode":200},"responseTime":17031,"msg":"request completed"}
2026-05-05 16:34:29 +00:00: {"level":30,"time":1777998869588,"pid":260855,"hostname":"nz-prod","req":{"id":11,"method":"GET","url":"/api/auth/me"},"res":{"statusCode":200},"responseTime":102,"msg":"request completed"}
2026-05-05 16:35:14 +00:00: {"level":30,"time":1777998914786,"pid":260855,"hostname":"nz-prod","req":{"id":12,"method":"GET","url":"/api/auth/me"},"res":{"statusCode":304},"responseTime":151,"msg":"request completed"}
2026-05-05 16:35:14 +00:00: {"level":30,"time":1777998914804,"pid":260855,"hostname":"nz-prod","req":{"id":13,"method":"GET","url":"/api/tasks/69"},"res":{"statusCode":304},"responseTime":94,"msg":"request completed"}
2026-05-05 16:39:28 +00:00: {"level":30,"time":1777999168571,"pid":260855,"hostname":"nz-prod","req":{"id":15,"method":"GET","url":"/api/tasks/69"},"res":{"statusCode":304},"responseTime":98,"msg":"request completed"}
2026-05-05 16:39:28 +00:00: {"level":30,"time":1777999168606,"pid":260855,"hostname":"nz-prod","req":{"id":14,"method":"GET","url":"/api/auth/me"},"res":{"statusCode":304},"responseTime":208,"msg":"request completed"}
2026-05-05 16:48:01 +00:00: {"level":30,"time":1777999681449,"pid":260855,"hostname":"nz-prod","req":{"id":17,"method":"GET","url":"/api/tasks/69"},"res":{"statusCode":304},"responseTime":123,"msg":"request completed"}
2026-05-05 16:48:01 +00:00: {"level":30,"time":1777999681508,"pid":260855,"hostname":"nz-prod","req":{"id":16,"method":"GET","url":"/api/auth/me"},"res":{"statusCode":304},"responseTime":257,"msg":"request completed"}
2026-05-05 16:50:03 +00:00: [supabase] Connected using SUPABASE_SERVICE_KEY (attempt 1)
2026-05-05 16:50:03 +00:00: {"level":40,"time":1777999803226,"pid":314834,"hostname":"nz-prod","msg":"Postgres URL not configured — Drizzle fallback path will be unavailable"}
2026-05-05 16:50:03 +00:00: {"level":30,"time":1777999803226,"pid":314834,"hostname":"nz-prod","msg":"Running database migrations..."}
2026-05-05 16:50:03 +00:00: {"level":30,"time":1777999803226,"pid":314834,"hostname":"nz-prod","msg":"Supabase configured — проверяю схему..."}
2026-05-05 16:50:03 +00:00: {"level":30,"time":1777999803383,"pid":314834,"hostname":"nz-prod","msg":"✅ Схема Supabase актуальна, миграции не требуются"}
2026-05-05 16:50:03 +00:00: {"level":30,"time":1777999803386,"pid":314834,"hostname":"nz-prod","port":3001,"msg":"Server listening"}
2026-05-05 16:54:18 +00:00: {"level":30,"time":1778000058633,"pid":314834,"hostname":"nz-prod","req":{"id":1,"method":"GET","url":"/api/auth/me"},"res":{"statusCode":200},"responseTime":309,"msg":"request completed"}
2026-05-05 16:54:18 +00:00: {"level":30,"time":1778000058776,"pid":314834,"hostname":"nz-prod","req":{"id":3,"method":"GET","url":"/api/tasks/69"},"res":{"statusCode":304},"responseTime":88,"msg":"request completed"}
2026-05-05 16:54:18 +00:00: {"level":30,"time":1778000058840,"pid":314834,"hostname":"nz-prod","req":{"id":2,"method":"GET","url":"/api/auth/me"},"res":{"statusCode":304},"responseTime":154,"msg":"request completed"}
2026-05-05 16:54:50 +00:00: [imageSave] saved 2188930 bytes → /home/deploy/data/uploads/illustrations/20f15bd7-d6cf-4969-a9c3-09a47b3f2400.png
2026-05-05 16:54:50 +00:00: {"level":30,"time":1778000090759,"pid":314834,"hostname":"nz-prod","req":{"id":4,"method":"POST","url":"/api/tasks/generate-image"},"res":{"statusCode":200},"responseTime":13701,"msg":"request completed"}
2026-05-05 16:54:50 +00:00: {"level":30,"time":1778000090938,"pid":314834,"hostname":"nz-prod","req":{"id":5,"method":"GET","url":"/api/auth/me"},"res":{"statusCode":200},"responseTime":137,"msg":"request completed"}
2026-05-05 17:04:00 +00:00: {"level":30,"time":1778000640552,"pid":314834,"hostname":"nz-prod","req":{"id":6,"method":"GET","url":"/api/auth/me"},"res":{"statusCode":304},"responseTime":318,"msg":"request completed"}
2026-05-05 17:04:00 +00:00: {"level":30,"time":1778000640553,"pid":314834,"hostname":"nz-prod","req":{"id":7,"method":"GET","url":"/api/tasks/69"},"res":{"statusCode":304},"responseTime":245,"msg":"request completed"}
2026-05-05 17:04:02 +00:00: {"level":30,"time":1778000642323,"pid":314834,"hostname":"nz-prod","req":{"id":8,"method":"GET","url":"/api/auth/me"},"res":{"statusCode":200},"responseTime":92,"msg":"request completed"}
2026-05-05 17:04:02 +00:00: {"level":30,"time":1778000642438,"pid":314834,"hostname":"nz-prod","req":{"id":10,"method":"GET","url":"/api/tasks/69"},"res":{"statusCode":304},"responseTime":60,"msg":"request completed"}
2026-05-05 17:04:02 +00:00: {"level":30,"time":1778000642444,"pid":314834,"hostname":"nz-prod","req":{"id":9,"method":"GET","url":"/api/auth/me"},"res":{"statusCode":304},"responseTime":68,"msg":"request completed"}
2026-05-05 17:05:09 +00:00: [imageSave] saved 788278 bytes → /home/deploy/data/uploads/illustrations/2e543ca6-2891-48a8-9a95-4be572706c6e.png
2026-05-05 17:05:09 +00:00: {"level":30,"time":1778000709097,"pid":314834,"hostname":"nz-prod","req":{"id":11,"method":"POST","url":"/api/tasks/generate-image"},"res":{"statusCode":200},"responseTime":16087,"msg":"request completed"}
2026-05-05 17:05:09 +00:00: {"level":30,"time":1778000709303,"pid":314834,"hostname":"nz-prod","req":{"id":12,"method":"GET","url":"/api/auth/me"},"res":{"statusCode":200},"responseTime":163,"msg":"request completed"}
